#
# There is insufficient memory for the Java Runtime Environment to continue.
# Native memory allocation (mmap) failed to map 77594624 bytes for committing reserved memory.
# Possible reasons:
#   The system is out of physical RAM or swap space
#   In 32 bit mode, the process size limit was hit
# Possible solutions:
#   Reduce memory load on the system
#   Increase physical memory or swap space
#   Check if swap backing store is full
#   Use 64 bit Java on a 64 bit OS
#   Decrease Java heap size (-Xmx/-Xms)
#   Decrease number of Java threads
#   Decrease Java thread stack sizes (-Xss)
#   Set larger code cache with -XX:ReservedCodeCacheSize=
# This output file may be truncated or incomplete.
#
#  Out of Memory Error (os_linux.cpp:2640), pid=24254, tid=0x00007f1becdfd700
#
# JRE version: OpenJDK Runtime Environment (8.0_152-b01) (build 1.8.0_152-release-915-b01)
# Java VM: OpenJDK 64-Bit Server VM (25.152-b01 mixed mode linux-amd64 compressed oops)
# Failed to write core dump. Core dumps have been disabled. To enable core dumping, try "ulimit -c unlimited" before starting Java again
#

---------------  T H R E A D  ---------------

Current thread (0x00007f1c04078000):  VMThread [stack: 0x00007f1beccfd000,0x00007f1becdfe000] [id=24262]

Stack: [0x00007f1beccfd000,0x00007f1becdfe000],  sp=0x00007f1becdfc4a0,  free space=1021k
Native frames: (J=compiled Java code, j=interpreted, Vv=VM code, C=native code)
V  [libjvm.so+0x9eb15d]  VMError::report_and_die()+0x15d
V  [libjvm.so+0x4b8eaa]  report_vm_out_of_memory(char const*, int, unsigned long, VMErrorType, char const*)+0x8a
V  [libjvm.so+0x851370]  os::pd_commit_memory(char*, unsigned long, unsigned long, bool)+0xf0
V  [libjvm.so+0x84be8f]  os::commit_memory(char*, unsigned long, unsigned long, bool)+0x1f
V  [libjvm.so+0x8c261b]  PSVirtualSpace::expand_by(unsigned long)+0x5b
V  [libjvm.so+0x8c3290]  PSYoungGen::resize_generation(unsigned long, unsigned long)+0xb0
V  [libjvm.so+0x8c35ab]  PSYoungGen::resize(unsigned long, unsigned long)+0x1b
V  [libjvm.so+0x8bfc9c]  PSScavenge::invoke_no_policy()+0xdac
V  [libjvm.so+0x8b97a0]  PSParallelCompact::invoke(bool)+0x40
V  [libjvm.so+0x448a93]  CollectedHeap::collect_as_vm_thread(GCCause::Cause)+0x143
V  [libjvm.so+0x9ec5a1]  VM_CollectForMetadataAllocation::doit()+0x141
V  [libjvm.so+0x9f1197]  VM_Operation::evaluate()+0x47
V  [libjvm.so+0x9efb78]  VMThread::evaluate_operation(VM_Operation*)+0x2c8
V  [libjvm.so+0x9efff9]  VMThread::loop()+0x219
V  [libjvm.so+0x9f0442]  VMThread::run()+0x72
V  [libjvm.so+0x84e792]  java_start(Thread*)+0xf2

VM_Operation (0x00007f1bb76e8fa0): CollectForMetadataAllocation, mode: safepoint, requested by thread 0x00007f1bac007800


---------------  P R O C E S S  ---------------

Java Threads: ( => current thread )
  0x00007f1b981cd000 JavaThread "Cache worker for file hash cache (/home/hamza/Android_Course/ud851-Exercises-student/Lesson02-GitHub-Repo-Search/secondPrototype/.gradle/4.1/fileHashes)" [_thread_blocked, id=24285, stack(0x00007f1bb6ceb000,0x00007f1bb6dec000)]
  0x00007f1b98118000 JavaThread "File lock request listener" [_thread_in_native, id=24284, stack(0x00007f1bb6fec000,0x00007f1bb70ed000)]
  0x00007f1b98113800 JavaThread "Cache worker for file hash cache (/home/hamza/.gradle/caches/4.1/fileHashes)" [_thread_blocked, id=24283, stack(0x00007f1bb70ed000,0x00007f1bb71ee000)]
  0x00007f1b98010800 JavaThread "Stdin handler" [_thread_blocked, id=24281, stack(0x00007f1bb73ee000,0x00007f1bb74ef000)]
  0x00007f1b98004000 JavaThread "Asynchronous log dispatcher for DefaultDaemonConnection: socket connection from /127.0.0.1:34446 to /127.0.0.1:48498" [_thread_blocked, id=24280, stack(0x00007f1bb74ef000,0x00007f1bb75f0000)]
  0x00007f1bac007800 JavaThread "Daemon worker" [_thread_blocked, id=24277, stack(0x00007f1bb75f0000,0x00007f1bb76f1000)]
  0x00007f1bac006800 JavaThread "Cancel handler" [_thread_blocked, id=24276, stack(0x00007f1bb76f1000,0x00007f1bb77f2000)]
  0x00007f1bac004000 JavaThread "Handler for socket connection from /127.0.0.1:34446 to /127.0.0.1:48498" [_thread_in_native, id=24275, stack(0x00007f1bb77f2000,0x00007f1bb78f3000)]
  0x00007f1bb003d800 JavaThread "Daemon" [_thread_blocked, id=24274, stack(0x00007f1bb78f3000,0x00007f1bb79f4000)]
  0x00007f1c04cc8000 JavaThread "Daemon periodic checks" [_thread_blocked, id=24273, stack(0x00007f1bb79f4000,0x00007f1bb7af5000)]
  0x00007f1c04cb2000 JavaThread "Incoming local TCP Connector on port 34446" [_thread_in_native, id=24272, stack(0x00007f1bb7af5000,0x00007f1bb7bf6000)]
  0x00007f1c040c0800 JavaThread "Service Thread" daemon [_thread_blocked, id=24269, stack(0x00007f1bec31e000,0x00007f1bec41f000)]
  0x00007f1c040bd000 JavaThread "C1 CompilerThread2" daemon [_thread_blocked, id=24268, stack(0x00007f1bec41f000,0x00007f1bec520000)]
  0x00007f1c040bb800 JavaThread "C2 CompilerThread1" daemon [_thread_blocked, id=24267, stack(0x00007f1bec520000,0x00007f1bec621000)]
  0x00007f1c040b8800 JavaThread "C2 CompilerThread0" daemon [_thread_blocked, id=24266, stack(0x00007f1bec621000,0x00007f1bec722000)]
  0x00007f1c040b7000 JavaThread "Signal Dispatcher" daemon [_thread_blocked, id=24265, stack(0x00007f1bec722000,0x00007f1bec823000)]
  0x00007f1c04084800 JavaThread "Finalizer" daemon [_thread_blocked, id=24264, stack(0x00007f1becafb000,0x00007f1becbfc000)]
  0x00007f1c04080000 JavaThread "Reference Handler" daemon [_thread_blocked, id=24263, stack(0x00007f1becbfc000,0x00007f1beccfd000)]
  0x00007f1c0400a800 JavaThread "main" [_thread_blocked, id=24257, stack(0x00007f1c0c604000,0x00007f1c0c705000)]

Other Threads:
=>0x00007f1c04078000 VMThread [stack: 0x00007f1beccfd000,0x00007f1becdfe000] [id=24262]
  0x00007f1c040c3000 WatcherThread [stack: 0x00007f1bec21d000,0x00007f1bec31e000] [id=24270]

VM state:at safepoint (normal execution)

VM Mutex/Monitor currently owned by a thread:  ([mutex/lock_event])
[0x00007f1c04006fe0] Threads_lock - owner thread: 0x00007f1c04078000
[0x00007f1c040074e0] Heap_lock - owner thread: 0x00007f1bac007800

Heap:
 PSYoungGen      total 64000K, used 2556K [0x00000000e0000000, 0x00000000e4100000, 0x0000000100000000)
  eden space 61440K, 0% used [0x00000000e0000000,0x00000000e0000000,0x00000000e3c00000)
  from space 2560K, 99% used [0x00000000e3c00000,0x00000000e3e7f358,0x00000000e3e80000)
  to   space 2560K, 0% used [0x00000000e3e80000,0x00000000e3e80000,0x00000000e4100000)
 ParOldGen       total 40960K, used 12899K [0x00000000a0000000, 0x00000000a2800000, 0x00000000e0000000)
  object space 40960K, 31% used [0x00000000a0000000,0x00000000a0c98cb8,0x00000000a2800000)
 Metaspace       used 20621K, capacity 21032K, committed 21248K, reserved 1067008K
  class space    used 2859K, capacity 3005K, committed 3072K, reserved 1048576K

Card table byte_map: [0x00007f1c0918c000,0x00007f1c0948d000] byte_map_base: 0x00007f1c08c8c000

Marking Bits: (ParMarkBitMap*) 0x00007f1c0bad03e0
 Begin Bits: [0x00007f1bed000000, 0x00007f1bee800000)
 End Bits:   [0x00007f1bee800000, 0x00007f1bf0000000)

Polling page: 0x00007f1c0c723000

CodeCache: size=245760Kb used=5174Kb max_used=5187Kb free=240585Kb
 bounds [0x00007f1bf5000000, 0x00007f1bf5520000, 0x00007f1c04000000]
 total_blobs=1986 nmethods=1606 adapters=294
 compilation: enabled

Compilation events (10 events):
Event: 3.365 Thread 0x00007f1c040bd000 1616       3       groovy.lang.MetaClassImpl$1MOPIter::methodNameAction (479 bytes)
Event: 3.368 Thread 0x00007f1c040bb800 nmethod 1612 0x00007f1bf5509750 code [0x00007f1bf55098a0, 0x00007f1bf5509a18]
Event: 3.368 Thread 0x00007f1c040bb800 1613       4       java.lang.AbstractStringBuilder::append (50 bytes)
Event: 3.369 Thread 0x00007f1c040bd000 nmethod 1616 0x00007f1bf5509b90 code [0x00007f1bf5509fe0, 0x00007f1bf550c9d8]
Event: 3.369 Thread 0x00007f1c040bd000 1615       3       java.util.Arrays::binarySearch0 (95 bytes)
Event: 3.369 Thread 0x00007f1c040bd000 nmethod 1615 0x00007f1bf5508f90 code [0x00007f1bf5509120, 0x00007f1bf5509558]
Event: 3.369 Thread 0x00007f1c040bd000 1618       3       groovy.lang.MetaMethod::getMopName (105 bytes)
Event: 3.371 Thread 0x00007f1c040bd000 nmethod 1618 0x00007f1bf550e190 code [0x00007f1bf550e4a0, 0x00007f1bf5510708]
Event: 3.374 Thread 0x00007f1c040bb800 nmethod 1613 0x00007f1bf5507150 code [0x00007f1bf55072c0, 0x00007f1bf5507708]
Event: 3.376 Thread 0x00007f1c040b8800 nmethod 1611 0x00007f1bf5512010 code [0x00007f1bf5512180, 0x00007f1bf5512868]

GC Heap History (9 events):
Event: 0.820 GC heap before
{Heap before GC invocations=1 (full 0):
 PSYoungGen      total 17920K, used 15360K [0x00000000e0000000, 0x00000000e1400000, 0x0000000100000000)
  eden space 15360K, 100% used [0x00000000e0000000,0x00000000e0f00000,0x00000000e0f00000)
  from space 2560K, 0% used [0x00000000e1180000,0x00000000e1180000,0x00000000e1400000)
  to   space 2560K, 0% used [0x00000000e0f00000,0x00000000e0f00000,0x00000000e1180000)
 ParOldGen       total 40960K, used 0K [0x00000000a0000000, 0x00000000a2800000, 0x00000000e0000000)
  object space 40960K, 0% used [0x00000000a0000000,0x00000000a0000000,0x00000000a2800000)
 Metaspace       used 5636K, capacity 5854K, committed 5888K, reserved 1056768K
  class space    used 687K, capacity 747K, committed 768K, reserved 1048576K
Event: 0.842 GC heap after
Heap after GC invocations=1 (full 0):
 PSYoungGen      total 17920K, used 2535K [0x00000000e0000000, 0x00000000e2300000, 0x0000000100000000)
  eden space 15360K, 0% used [0x00000000e0000000,0x00000000e0000000,0x00000000e0f00000)
  from space 2560K, 99% used [0x00000000e0f00000,0x00000000e1179ee0,0x00000000e1180000)
  to   space 2560K, 0% used [0x00000000e2080000,0x00000000e2080000,0x00000000e2300000)
 ParOldGen       total 40960K, used 234K [0x00000000a0000000, 0x00000000a2800000, 0x00000000e0000000)
  object space 40960K, 0% used [0x00000000a0000000,0x00000000a003aa00,0x00000000a2800000)
 Metaspace       used 5636K, capacity 5854K, committed 5888K, reserved 1056768K
  class space    used 687K, capacity 747K, committed 768K, reserved 1048576K
}
Event: 1.032 GC heap before
{Heap before GC invocations=2 (full 0):
 PSYoungGen      total 17920K, used 17895K [0x00000000e0000000, 0x00000000e2300000, 0x0000000100000000)
  eden space 15360K, 100% used [0x00000000e0000000,0x00000000e0f00000,0x00000000e0f00000)
  from space 2560K, 99% used [0x00000000e0f00000,0x00000000e1179ee0,0x00000000e1180000)
  to   space 2560K, 0% used [0x00000000e2080000,0x00000000e2080000,0x00000000e2300000)
 ParOldGen       total 40960K, used 234K [0x00000000a0000000, 0x00000000a2800000, 0x00000000e0000000)
  object space 40960K, 0% used [0x00000000a0000000,0x00000000a003aa00,0x00000000a2800000)
 Metaspace       used 6490K, capacity 6702K, committed 6784K, reserved 1056768K
  class space    used 790K, capacity 875K, committed 896K, reserved 1048576K
Event: 1.040 GC heap after
Heap after GC invocations=2 (full 0):
 PSYoungGen      total 33280K, used 2314K [0x00000000e0000000, 0x00000000e2300000, 0x0000000100000000)
  eden space 30720K, 0% used [0x00000000e0000000,0x00000000e0000000,0x00000000e1e00000)
  from space 2560K, 90% used [0x00000000e2080000,0x00000000e22c2ac0,0x00000000e2300000)
  to   space 2560K, 0% used [0x00000000e1e00000,0x00000000e1e00000,0x00000000e2080000)
 ParOldGen       total 40960K, used 242K [0x00000000a0000000, 0x00000000a2800000, 0x00000000e0000000)
  object space 40960K, 0% used [0x00000000a0000000,0x00000000a003ca00,0x00000000a2800000)
 Metaspace       used 6490K, capacity 6702K, committed 6784K, reserved 1056768K
  class space    used 790K, capacity 875K, committed 896K, reserved 1048576K
}
Event: 1.664 GC heap before
{Heap before GC invocations=3 (full 0):
 PSYoungGen      total 33280K, used 33034K [0x00000000e0000000, 0x00000000e2300000, 0x0000000100000000)
  eden space 30720K, 100% used [0x00000000e0000000,0x00000000e1e00000,0x00000000e1e00000)
  from space 2560K, 90% used [0x00000000e2080000,0x00000000e22c2ac0,0x00000000e2300000)
  to   space 2560K, 0% used [0x00000000e1e00000,0x00000000e1e00000,0x00000000e2080000)
 ParOldGen       total 40960K, used 242K [0x00000000a0000000, 0x00000000a2800000, 0x00000000e0000000)
  object space 40960K, 0% used [0x00000000a0000000,0x00000000a003ca00,0x00000000a2800000)
 Metaspace       used 11707K, capacity 12106K, committed 12288K, reserved 1060864K
  class space    used 1570K, capacity 1703K, committed 1792K, reserved 1048576K
Event: 1.677 GC heap after
Heap after GC invocations=3 (full 0):
 PSYoungGen      total 33280K, used 2528K [0x00000000e0000000, 0x00000000e4100000, 0x0000000100000000)
  eden space 30720K, 0% used [0x00000000e0000000,0x00000000e0000000,0x00000000e1e00000)
  from space 2560K, 98% used [0x00000000e1e00000,0x00000000e2078030,0x00000000e2080000)
  to   space 2560K, 0% used [0x00000000e3e80000,0x00000000e3e80000,0x00000000e4100000)
 ParOldGen       total 40960K, used 3485K [0x00000000a0000000, 0x00000000a2800000, 0x00000000e0000000)
  object space 40960K, 8% used [0x00000000a0000000,0x00000000a0367688,0x00000000a2800000)
 Metaspace       used 11707K, capacity 12106K, committed 12288K, reserved 1060864K
  class space    used 1570K, capacity 1703K, committed 1792K, reserved 1048576K
}
Event: 2.086 GC heap before
{Heap before GC invocations=4 (full 0):
 PSYoungGen      total 33280K, used 33248K [0x00000000e0000000, 0x00000000e4100000, 0x0000000100000000)
  eden space 30720K, 100% used [0x00000000e0000000,0x00000000e1e00000,0x00000000e1e00000)
  from space 2560K, 98% used [0x00000000e1e00000,0x00000000e2078030,0x00000000e2080000)
  to   space 2560K, 0% used [0x00000000e3e80000,0x00000000e3e80000,0x00000000e4100000)
 ParOldGen       total 40960K, used 3485K [0x00000000a0000000, 0x00000000a2800000, 0x00000000e0000000)
  object space 40960K, 8% used [0x00000000a0000000,0x00000000a0367688,0x00000000a2800000)
 Metaspace       used 14616K, capacity 14990K, committed 15360K, reserved 1062912K
  class space    used 2084K, capacity 2217K, committed 2304K, reserved 1048576K
Event: 2.105 GC heap after
Heap after GC invocations=4 (full 0):
 PSYoungGen      total 64000K, used 2544K [0x00000000e0000000, 0x00000000e4100000, 0x0000000100000000)
  eden space 61440K, 0% used [0x00000000e0000000,0x00000000e0000000,0x00000000e3c00000)
  from space 2560K, 99% used [0x00000000e3e80000,0x00000000e40fc040,0x00000000e4100000)
  to   space 2560K, 0% used [0x00000000e3c00000,0x00000000e3c00000,0x00000000e3e80000)
 ParOldGen       total 40960K, used 7512K [0x00000000a0000000, 0x00000000a2800000, 0x00000000e0000000)
  object space 40960K, 18% used [0x00000000a0000000,0x00000000a0756170,0x00000000a2800000)
 Metaspace       used 14616K, capacity 14990K, committed 15360K, reserved 1062912K
  class space    used 2084K, capacity 2217K, committed 2304K, reserved 1048576K
}
Event: 3.379 GC heap before
{Heap before GC invocations=5 (full 0):
 PSYoungGen      total 64000K, used 37640K [0x00000000e0000000, 0x00000000e4100000, 0x0000000100000000)
  eden space 61440K, 57% used [0x00000000e0000000,0x00000000e22462f0,0x00000000e3c00000)
  from space 2560K, 99% used [0x00000000e3e80000,0x00000000e40fc040,0x00000000e4100000)
  to   space 2560K, 0% used [0x00000000e3c00000,0x00000000e3c00000,0x00000000e3e80000)
 ParOldGen       total 40960K, used 7512K [0x00000000a0000000, 0x00000000a2800000, 0x00000000e0000000)
  object space 40960K, 18% used [0x00000000a0000000,0x00000000a0756170,0x00000000a2800000)
 Metaspace       used 20621K, capacity 21032K, committed 21248K, reserved 1067008K
  class space    used 2859K, capacity 3005K, committed 3072K, reserved 1048576K

Deoptimization events (10 events):
Event: 2.361 Thread 0x00007f1bac007800 Uncommon trap: reason=bimorphic action=maybe_recompile pc=0x00007f1bf53dd2b8 method=java.lang.ClassLoader.loadClass(Ljava/lang/String;Z)Ljava/lang/Class; @ 38
Event: 2.506 Thread 0x00007f1bac007800 Uncommon trap: reason=unstable_if action=reinterpret pc=0x00007f1bf52a13a8 method=java.lang.AbstractStringBuilder.append(Ljava/lang/String;)Ljava/lang/AbstractStringBuilder; @ 1
Event: 2.506 Thread 0x00007f1bac007800 Uncommon trap: reason=unstable_if action=reinterpret pc=0x00007f1bf51ab934 method=java.lang.AbstractStringBuilder.append(Ljava/lang/String;)Ljava/lang/AbstractStringBuilder; @ 1
Event: 2.626 Thread 0x00007f1bac007800 Uncommon trap: reason=class_check action=maybe_recompile pc=0x00007f1bf5164ee8 method=java.lang.String.equals(Ljava/lang/Object;)Z @ 8
Event: 2.626 Thread 0x00007f1bac007800 Uncommon trap: reason=class_check action=maybe_recompile pc=0x00007f1bf5164ee8 method=java.lang.String.equals(Ljava/lang/Object;)Z @ 8
Event: 2.627 Thread 0x00007f1bac007800 Uncommon trap: reason=class_check action=maybe_recompile pc=0x00007f1bf5164ee8 method=java.lang.String.equals(Ljava/lang/Object;)Z @ 8
Event: 2.627 Thread 0x00007f1bac007800 Uncommon trap: reason=class_check action=maybe_recompile pc=0x00007f1bf5164ee8 method=java.lang.String.equals(Ljava/lang/Object;)Z @ 8
Event: 2.667 Thread 0x00007f1bac007800 Uncommon trap: reason=unstable_if action=reinterpret pc=0x00007f1bf5289d5c method=java.io.UnixFileSystem.normalize(Ljava/lang/String;)Ljava/lang/String; @ 60
Event: 2.668 Thread 0x00007f1bac007800 Uncommon trap: reason=class_check action=maybe_recompile pc=0x00007f1bf51ce614 method=sun.misc.URLClassPath.getLoader(I)Lsun/misc/URLClassPath$Loader; @ 94
Event: 2.668 Thread 0x00007f1bac007800 Uncommon trap: reason=class_check action=maybe_recompile pc=0x00007f1bf52c9f2c method=sun.misc.URLClassPath.getResource(Ljava/lang/String;Z)Lsun/misc/Resource; @ 62

Classes redefined (0 events):
No events

Internal exceptions (10 events):
Event: 2.389 Thread 0x00007f1bac007800 Exception <a 'java/lang/NoSuchMethodError': <clinit>> (0x00000000e0bb2ff8) thrown at [/ssd/Android/AOSP-openjdk-git/jdk8u/hotspot/src/share/vm/prims/jni.cpp, line 1613]
Event: 2.408 Thread 0x00007f1bac007800 Exception <a 'java/lang/NoSuchMethodError': <clinit>> (0x00000000e0c2fcb0) thrown at [/ssd/Android/AOSP-openjdk-git/jdk8u/hotspot/src/share/vm/prims/jni.cpp, line 1613]
Event: 2.409 Thread 0x00007f1bac007800 Exception <a 'java/lang/NoSuchMethodError': <clinit>> (0x00000000e0c33970) thrown at [/ssd/Android/AOSP-openjdk-git/jdk8u/hotspot/src/share/vm/prims/jni.cpp, line 1613]
Event: 2.409 Thread 0x00007f1bac007800 Exception <a 'java/lang/NoSuchMethodError': <clinit>> (0x00000000e0c354d8) thrown at [/ssd/Android/AOSP-openjdk-git/jdk8u/hotspot/src/share/vm/prims/jni.cpp, line 1613]
Event: 2.506 Thread 0x00007f1bac007800 Implicit null exception at 0x00007f1bf52a0fb3 to 0x00007f1bf52a1395
Event: 2.506 Thread 0x00007f1bac007800 Implicit null exception at 0x00007f1bf51ab576 to 0x00007f1bf51ab91d
Event: 3.374 Thread 0x00007f1bac007800 Exception <a 'java/lang/ClassNotFoundException': groovy/lang/ExpandoMetaClassBeanInfo> (0x00000000e2191250) thrown at [/ssd/Android/AOSP-openjdk-git/jdk8u/hotspot/src/share/vm/classfile/systemDictionary.cpp, line 210]
Event: 3.375 Thread 0x00007f1bac007800 Exception <a 'java/lang/ClassNotFoundException': groovy/lang/MetaClassImplBeanInfo> (0x00000000e219e080) thrown at [/ssd/Android/AOSP-openjdk-git/jdk8u/hotspot/src/share/vm/classfile/systemDictionary.cpp, line 210]
Event: 3.375 Thread 0x00007f1bac007800 Exception <a 'java/lang/ClassNotFoundException': java/lang/ObjectBeanInfo> (0x00000000e21a4618) thrown at [/ssd/Android/AOSP-openjdk-git/jdk8u/hotspot/src/share/vm/classfile/systemDictionary.cpp, line 210]
Event: 3.376 Thread 0x00007f1bac007800 Exception <a 'java/lang/ClassNotFoundException': java/lang/ObjectCustomizer> (0x00000000e21aaac8) thrown at [/ssd/Android/AOSP-openjdk-git/jdk8u/hotspot/src/share/vm/classfile/systemDictionary.cpp, line 210]

Events (10 events):
Event: 3.375 loading class java/lang/ObjectCustomizer
Event: 3.375 loading class java/lang/ObjectCustomizer done
Event: 3.376 loading class java/lang/ObjectCustomizer
Event: 3.376 loading class java/lang/ObjectCustomizer done
Event: 3.376 loading class com/sun/beans/finder/MethodFinder
Event: 3.377 loading class com/sun/beans/finder/AbstractFinder
Event: 3.377 loading class com/sun/beans/finder/AbstractFinder done
Event: 3.377 loading class com/sun/beans/finder/MethodFinder done
Event: 3.377 loading class com/sun/beans/finder/MethodFinder$1
Event: 3.377 Executing VM operation: CollectForMetadataAllocation


Dynamic libraries:
00400000-00401000 r-xp 00000000 08:02 4589865                            /home/hamza/Documents/android-studio/jre/bin/java
00600000-00601000 r--p 00000000 08:02 4589865                            /home/hamza/Documents/android-studio/jre/bin/java
00601000-00602000 rw-p 00001000 08:02 4589865                            /home/hamza/Documents/android-studio/jre/bin/java
0078b000-007ac000 rw-p 00000000 00:00 0                                  [heap]
a0000000-a2800000 rw-p 00000000 00:00 0 
a2800000-e0000000 ---p 00000000 00:00 0 
e0000000-e4100000 rw-p 00000000 00:00 0 
e8b00000-100000000 ---p 00000000 00:00 0 
100000000-100300000 rw-p 00000000 00:00 0 
100300000-140000000 ---p 00000000 00:00 0 
7f1b88000000-7f1b88021000 rw-p 00000000 00:00 0 
7f1b88021000-7f1b8c000000 ---p 00000000 00:00 0 
7f1b8c000000-7f1b8c021000 rw-p 00000000 00:00 0 
7f1b8c021000-7f1b90000000 ---p 00000000 00:00 0 
7f1b90000000-7f1b90021000 rw-p 00000000 00:00 0 
7f1b90021000-7f1b94000000 ---p 00000000 00:00 0 
7f1b94000000-7f1b9403c000 rw-p 00000000 00:00 0 
7f1b9403c000-7f1b98000000 ---p 00000000 00:00 0 
7f1b98000000-7f1b98f64000 rw-p 00000000 00:00 0 
7f1b98f64000-7f1b9c000000 ---p 00000000 00:00 0 
7f1b9c000000-7f1b9c021000 rw-p 00000000 00:00 0 
7f1b9c021000-7f1ba0000000 ---p 00000000 00:00 0 
7f1ba0000000-7f1ba002c000 rw-p 00000000 00:00 0 
7f1ba002c000-7f1ba4000000 ---p 00000000 00:00 0 
7f1ba4000000-7f1ba4021000 rw-p 00000000 00:00 0 
7f1ba4021000-7f1ba8000000 ---p 00000000 00:00 0 
7f1ba8000000-7f1ba8021000 rw-p 00000000 00:00 0 
7f1ba8021000-7f1bac000000 ---p 00000000 00:00 0 
7f1bac000000-7f1bac021000 rw-p 00000000 00:00 0 
7f1bac021000-7f1bb0000000 ---p 00000000 00:00 0 
7f1bb0000000-7f1bb0078000 rw-p 00000000 00:00 0 
7f1bb0078000-7f1bb4000000 ---p 00000000 00:00 0 
7f1bb6757000-7f1bb6957000 rw-p 00000000 00:00 0 
7f1bb698e000-7f1bb6b4e000 rw-p 00000000 00:00 0 
7f1bb6b4e000-7f1bb6b8e000 ---p 00000000 00:00 0 
7f1bb6b8e000-7f1bb6ca9000 r--s 02008000 08:02 5244942                    /home/hamza/.gradle/caches/jars-3/9955734f77abc673a38c7cd4c0214af5/android.jar
7f1bb6ca9000-7f1bb6ceb000 r--s 00220000 08:02 4597349                    /home/hamza/.gradle/caches/jars-3/929747bc6b973b44297e9c57df71598d/gradle-core-3.5.jar
7f1bb6ceb000-7f1bb6cee000 ---p 00000000 00:00 0 
7f1bb6cee000-7f1bb6fec000 rw-p 00000000 00:00 0 
7f1bb6fec000-7f1bb6fef000 ---p 00000000 00:00 0 
7f1bb6fef000-7f1bb70ed000 rw-p 00000000 00:00 0 
7f1bb70ed000-7f1bb70f0000 ---p 00000000 00:00 0 
7f1bb70f0000-7f1bb73ee000 rw-p 00000000 00:00 0 
7f1bb73ee000-7f1bb73f1000 ---p 00000000 00:00 0 
7f1bb73f1000-7f1bb74ef000 rw-p 00000000 00:00 0 
7f1bb74ef000-7f1bb74f2000 ---p 00000000 00:00 0 
7f1bb74f2000-7f1bb75f0000 rw-p 00000000 00:00 0 
7f1bb75f0000-7f1bb75f3000 ---p 00000000 00:00 0 
7f1bb75f3000-7f1bb76f1000 rw-p 00000000 00:00 0 
7f1bb76f1000-7f1bb76f4000 ---p 00000000 00:00 0 
7f1bb76f4000-7f1bb77f2000 rw-p 00000000 00:00 0 
7f1bb77f2000-7f1bb77f5000 ---p 00000000 00:00 0 
7f1bb77f5000-7f1bb78f3000 rw-p 00000000 00:00 0 
7f1bb78f3000-7f1bb78f6000 ---p 00000000 00:00 0 
7f1bb78f6000-7f1bb79f4000 rw-p 00000000 00:00 0 
7f1bb79f4000-7f1bb79f7000 ---p 00000000 00:00 0 
7f1bb79f7000-7f1bb7af5000 rw-p 00000000 00:00 0 
7f1bb7af5000-7f1bb7af8000 ---p 00000000 00:00 0 
7f1bb7af8000-7f1bb7df6000 rw-p 00000000 00:00 0 
7f1bb7df6000-7f1bb7dff000 r-xp 00000000 08:02 4589966                    /home/hamza/Documents/android-studio/jre/jre/lib/amd64/libmanagement.so
7f1bb7dff000-7f1bb7ffe000 ---p 00009000 08:02 4589966                    /home/hamza/Documents/android-studio/jre/jre/lib/amd64/libmanagement.so
7f1bb7ffe000-7f1bb7fff000 r--p 00008000 08:02 4589966                    /home/hamza/Documents/android-studio/jre/jre/lib/amd64/libmanagement.so
7f1bb7fff000-7f1bb8000000 rw-p 00009000 08:02 4589966                    /home/hamza/Documents/android-studio/jre/jre/lib/amd64/libmanagement.so
7f1bb8000000-7f1bb8021000 rw-p 00000000 00:00 0 
7f1bb8021000-7f1bbc000000 ---p 00000000 00:00 0 
7f1bbc000000-7f1bbc021000 rw-p 00000000 00:00 0 
7f1bbc021000-7f1bc0000000 ---p 00000000 00:00 0 
7f1bc0000000-7f1bc1c11000 rw-p 00000000 00:00 0 
7f1bc1c11000-7f1bc4000000 ---p 00000000 00:00 0 
7f1bc4000000-7f1bc4ca1000 rw-p 00000000 00:00 0 
7f1bc4ca1000-7f1bc8000000 ---p 00000000 00:00 0 
7f1bc8000000-7f1bc8021000 rw-p 00000000 00:00 0 
7f1bc8021000-7f1bcc000000 ---p 00000000 00:00 0 
7f1bcc000000-7f1bcdaee000 rw-p 00000000 00:00 0 
7f1bcdaee000-7f1bd0000000 ---p 00000000 00:00 0 
7f1bd0000000-7f1bd0021000 rw-p 00000000 00:00 0 
7f1bd0021000-7f1bd4000000 ---p 00000000 00:00 0 
7f1bd4000000-7f1bd4021000 rw-p 00000000 00:00 0 
7f1bd4021000-7f1bd8000000 ---p 00000000 00:00 0 
7f1bd8000000-7f1bd8021000 rw-p 00000000 00:00 0 
7f1bd8021000-7f1bdc000000 ---p 00000000 00:00 0 
7f1bdc000000-7f1bdc280000 rw-p 00000000 00:00 0 
7f1bdc280000-7f1be0000000 ---p 00000000 00:00 0 
7f1be0000000-7f1be0021000 rw-p 00000000 00:00 0 
7f1be0021000-7f1be4000000 ---p 00000000 00:00 0 
7f1be4004000-7f1be400b000 r--s 0002a000 08:02 4597353                    /home/hamza/.gradle/caches/jars-3/fff47aec37b967e571b648d1fc9c6db6/gradle-messaging-3.5.jar
7f1be400b000-7f1be4010000 r--s 00041000 08:02 4597351                    /home/hamza/.gradle/caches/jars-3/c0502f5c2cf6dfd52d250e1b7d027d24/commons-lang-2.6.jar
7f1be4010000-7f1be4019000 r--s 00047000 08:02 4597347                    /home/hamza/.gradle/caches/jars-3/11d06a5dce89fe5632250b7df00a3d57/gradle-base-services-3.5.jar
7f1be4019000-7f1be4041000 r--s 001cf000 08:02 4597345                    /home/hamza/.gradle/caches/jars-3/566e7e0f530f75a42eba4833ef84d88c/guava-jdk5-17.0.jar
7f1be4041000-7f1be404f000 r--s 00043000 08:02 4597343                    /home/hamza/.gradle/caches/jars-3/c0d1da18a547ef3a2ba66d3068ae6e09/gradle-tooling-api-3.5.jar
7f1be404f000-7f1be40c8000 r--s 010fd000 08:02 4589830                    /home/hamza/Documents/android-studio/jre/lib/tools.jar
7f1be40c8000-7f1be40cf000 r--s 00000000 08:02 661811                     /usr/lib/x86_64-linux-gnu/gconv/gconv-modules.cache
7f1be40cf000-7f1be40d4000 r--s 0009a000 08:02 4589940                    /home/hamza/Documents/android-studio/jre/jre/lib/jsse.jar
7f1be40d4000-7f1be40d6000 r--s 00007000 08:02 4985697                    /home/hamza/.gradle/wrapper/dists/gradle-4.1-all/bzyivzo6n839fup2jbap0tjew/gradle-4.1/lib/plugins/gradle-tooling-api-builders-4.1.jar
7f1be40d6000-7f1be40d9000 r--s 00009000 08:02 4985707                    /home/hamza/.gradle/wrapper/dists/gradle-4.1-all/bzyivzo6n839fup2jbap0tjew/gradle-4.1/lib/plugins/gradle-testing-native-4.1.jar
7f1be40d9000-7f1be40db000 r--s 00009000 08:02 4985780                    /home/hamza/.gradle/wrapper/dists/gradle-4.1-all/bzyivzo6n839fup2jbap0tjew/gradle-4.1/lib/plugins/hamcrest-core-1.3.jar
7f1be40db000-7f1be40e0000 r--s 00040000 08:02 4985775                    /home/hamza/.gradle/wrapper/dists/gradle-4.1-all/bzyivzo6n839fup2jbap0tjew/gradle-4.1/lib/plugins/bsh-2.0b4.jar
7f1be40e0000-7f1be40e2000 r--s 00006000 08:02 4985776                    /home/hamza/.gradle/wrapper/dists/gradle-4.1-all/bzyivzo6n839fup2jbap0tjew/gradle-4.1/lib/plugins/jcommander-1.12.jar
7f1be40e2000-7f1be40e8000 r--s 00033000 08:02 4985777                    /home/hamza/.gradle/wrapper/dists/gradle-4.1-all/bzyivzo6n839fup2jbap0tjew/gradle-4.1/lib/plugins/snakeyaml-1.6.jar
7f1be40e8000-7f1be40f1000 r--s 00089000 08:02 4985735                    /home/hamza/.gradle/wrapper/dists/gradle-4.1-all/bzyivzo6n839fup2jbap0tjew/gradle-4.1/lib/plugins/testng-6.3.1.jar
7f1be40f1000-7f1be40f9000 r--s 00045000 08:02 4985736                    /home/hamza/.gradle/wrapper/dists/gradle-4.1-all/bzyivzo6n839fup2jbap0tjew/gradle-4.1/lib/plugins/junit-4.12.jar
7f1be40f9000-7f1be40ff000 r--s 0002e000 08:02 4985703                    /home/hamza/.gradle/wrapper/dists/gradle-4.1-all/bzyivzo6n839fup2jbap0tjew/gradle-4.1/lib/plugins/gradle-testing-jvm-4.1.jar
7f1be40ff000-7f1be4103000 r--s 00017000 08:02 4985711                    /home/hamza/.gradle/wrapper/dists/gradle-4.1-all/bzyivzo6n839fup2jbap0tjew/gradle-4.1/lib/plugins/gradle-testing-base-4.1.jar
7f1be4103000-7f1be410a000 r--s 00038000 08:02 4985731                    /home/hamza/.gradle/wrapper/dists/gradle-4.1-all/bzyivzo6n839fup2jbap0tjew/gradle-4.1/lib/plugins/bcpg-jdk15on-1.51.jar
7f1be410a000-7f1be410c000 r--s 0000c000 08:02 4985682                    /home/hamza/.gradle/wrapper/dists/gradle-4.1-all/bzyivzo6n839fup2jbap0tjew/gradle-4.1/lib/plugins/gradle-signing-4.1.jar
7f1be410c000-7f1be410e000 r--s 00007000 08:02 4985688                    /home/hamza/.gradle/wrapper/dists/gradle-4.1-all/bzyivzo6n839fup2jbap0tjew/gradle-4.1/lib/plugins/gradle-scala-4.1.jar
7f1be410e000-7f1be410f000 r--s 00004000 08:02 4985719                    /home/hamza/.gradle/wrapper/dists/gradle-4.1-all/bzyivzo6n839fup2jbap0tjew/gradle-4.1/lib/plugins/gradle-resources-sftp-4.1.jar
7f1be410f000-7f1be411f000 r--s 00088000 08:02 4985748                    /home/hamza/.gradle/wrapper/dists/gradle-4.1-all/bzyivzo6n839fup2jbap0tjew/gradle-4.1/lib/plugins/joda-time-2.8.2.jar
7f1be411f000-7f1be4130000 r--s 0010d000 08:02 4985747                    /home/hamza/.gradle/wrapper/dists/gradle-4.1-all/bzyivzo6n839fup2jbap0tjew/gradle-4.1/lib/plugins/jackson-databind-2.6.6.jar
7f1be4130000-7f1be4133000 r--s 00009000 08:02 4985746                    /home/hamza/.gradle/wrapper/dists/gradle-4.1-all/bzyivzo6n839fup2jbap0tjew/gradle-4.1/lib/plugins/jackson-annotations-2.6.6.jar
7f1be4133000-7f1be4137000 r--s 0003c000 08:02 4985745                    /home/hamza/.gradle/wrapper/dists/gradle-4.1-all/bzyivzo6n839fup2jbap0tjew/gradle-4.1/lib/plugins/jackson-core-2.6.6.jar
7f1be4137000-7f1be4145000 r--s 00087000 08:02 4985744                    /home/hamza/.gradle/wrapper/dists/gradle-4.1-all/bzyivzo6n839fup2jbap0tjew/gradle-4.1/lib/plugins/aws-java-sdk-core-1.11.6.jar
7f1be4145000-7f1be414c000 r--s 00057000 08:02 4985743                    /home/hamza/.gradle/wrapper/dists/gradle-4.1-all/bzyivzo6n839fup2jbap0tjew/gradle-4.1/lib/plugins/aws-java-sdk-kms-1.11.6.jar
7f1be414c000-7f1be4159000 r--s 0008e000 08:02 4985742                    /home/hamza/.gradle/wrapper/dists/gradle-4.1-all/bzyivzo6n839fup2jbap0tjew/gradle-4.1/lib/plugins/aws-java-sdk-s3-1.11.6.jar
7f1be4159000-7f1be415b000 r--s 00004000 08:02 4985716                    /home/hamza/.gradle/wrapper/dists/gradle-4.1-all/bzyivzo6n839fup2jbap0tjew/gradle-4.1/lib/plugins/gradle-resources-s3-4.1.jar
7f1be415b000-7f1be415d000 r--s 00010000 08:02 4985712                    /home/hamza/.gradle/wrapper/dists/gradle-4.1-all/bzyivzo6n839fup2jbap0tjew/gradle-4.1/lib/plugins/gradle-reporting-4.1.jar
7f1be415d000-7f1be415f000 r--s 00002000 08:02 4985713                    /home/hamza/.gradle/wrapper/dists/gradle-4.1-all/bzyivzo6n839fup2jbap0tjew/gradle-4.1/lib/plugins/gradle-publish-4.1.jar
7f1be415f000-7f1be4161000 r--s 00009000 08:02 4985724                    /home/hamza/.gradle/wrapper/dists/gradle-4.1-all/bzyivzo6n839fup2jbap0tjew/gradle-4.1/lib/plugins/commons-cli-1.2.jar
7f1be4161000-7f1be4167000 r--s 00036000 08:02 4985696                    /home/hamza/.gradle/wrapper/dists/gradle-4.1-all/bzyivzo6n839fup2jbap0tjew/gradle-4.1/lib/plugins/gradle-plugins-4.1.jar
7f1be4167000-7f1be4169000 r--s 00009000 08:02 4985683                    /home/hamza/.gradle/wrapper/dists/gradle-4.1-all/bzyivzo6n839fup2jbap0tjew/gradle-4.1/lib/plugins/gradle-plugin-development-4.1.jar
7f1be4169000-7f1be416f000 r--s 0002b000 08:02 4985691                    /home/hamza/.gradle/wrapper/dists/gradle-4.1-all/bzyivzo6n839fup2jbap0tjew/gradle-4.1/lib/plugins/gradle-platform-play-4.1.jar
7f1be416f000-7f1be417e000 r--s 0005b000 08:02 4985709                    /home/hamza/.gradle/wrapper/dists/gradle-4.1-all/bzyivzo6n839fup2jbap0tjew/gradle-4.1/lib/plugins/gradle-platform-native-4.1.jar
7f1be417e000-7f1be4182000 r--s 0001b000 08:02 4985706                    /home/hamza/.gradle/wrapper/dists/gradle-4.1-all/bzyivzo6n839fup2jbap0tjew/gradle-4.1/lib/plugins/gradle-platform-jvm-4.1.jar
7f1be4182000-7f1be418a000 r--s 00027000 08:02 4985714                    /home/hamza/.gradle/wrapper/dists/gradle-4.1-all/bzyivzo6n839fup2jbap0tjew/gradle-4.1/lib/plugins/gradle-platform-base-4.1.jar
7f1be418a000-7f1be41b2000 r--s 0021c000 08:02 4985725                    /home/hamza/.gradle/wrapper/dists/gradle-4.1-all/bzyivzo6n839fup2jbap0tjew/gradle-4.1/lib/plugins/biz.aQute.bndlib-3.2.0.jar
7f1be41b2000-7f1be41b3000 r--s 00004000 08:02 4985681                    /home/hamza/.gradle/wrapper/dists/gradle-4.1-all/bzyivzo6n839fup2jbap0tjew/gradle-4.1/lib/plugins/gradle-osgi-4.1.jar
7f1be41b3000-7f1be41b6000 r--s 0000c000 08:02 4985728                    /home/hamza/.gradle/wrapper/dists/gradle-4.1-all/bzyivzo6n839fup2jbap0tjew/gradle-4.1/lib/plugins/pmaven-groovy-0.8-20100325.jar
7f1be41b6000-7f1be41b7000 r--s 00004000 08:02 4985727                    /home/hamza/.gradle/wrapper/dists/gradle-4.1-all/bzyivzo6n839fup2jbap0tjew/gradle-4.1/lib/plugins/pmaven-common-0.8-20100325.jar
7f1be41b7000-7f1be41bd000 r--s 00023000 08:02 4985684                    /home/hamza/.gradle/wrapper/dists/gradle-4.1-all/bzyivzo6n839fup2jbap0tjew/gradle-4.1/lib/plugins/gradle-maven-4.1.jar
7f1be41bd000-7f1be41c0000 r--s 0000b000 08:02 4985702                    /home/hamza/.gradle/wrapper/dists/gradle-4.1-all/bzyivzo6n839fup2jbap0tjew/gradle-4.1/lib/plugins/gradle-language-scala-4.1.jar
7f1be41c0000-7f1be41c7000 r--s 00020000 08:02 4985708                    /home/hamza/.gradle/wrapper/dists/gradle-4.1-all/bzyivzo6n839fup2jbap0tjew/gradle-4.1/lib/plugins/gradle-language-native-4.1.jar
7f1be41c7000-7f1be41c9000 r--s 00005000 08:02 4985705                    /home/hamza/.gradle/wrapper/dists/gradle-4.1-all/bzyivzo6n839fup2jbap0tjew/gradle-4.1/lib/plugins/gradle-language-jvm-4.1.jar
7f1be41c9000-7f1be41d0000 r--s 0002f000 08:02 4985704                    /home/hamza/.gradle/wrapper/dists/gradle-4.1-all/bzyivzo6n839fup2jbap0tjew/gradle-4.1/lib/plugins/gradle-language-java-4.1.jar
7f1be41d0000-7f1be41d3000 r--s 0000a000 08:02 4985701                    /home/hamza/.gradle/wrapper/dists/gradle-4.1-all/bzyivzo6n839fup2jbap0tjew/gradle-4.1/lib/plugins/gradle-language-groovy-4.1.jar
7f1be41d3000-7f1be41da000 r--s 00035000 08:02 4985734                    /home/hamza/.gradle/wrapper/dists/gradle-4.1-all/bzyivzo6n839fup2jbap0tjew/gradle-4.1/lib/plugins/simple-4.1.21.jar
7f1be41da000-7f1be41e6000 r--s 00100000 08:02 4985732                    /home/hamza/.gradle/wrapper/dists/gradle-4.1-all/bzyivzo6n839fup2jbap0tjew/gradle-4.1/lib/plugins/rhino-1.7R3.jar
7f1be41e6000-7f1be41ea000 r--s 00012000 08:02 4985692                    /home/hamza/.gradle/wrapper/dists/gradle-4.1-all/bzyivzo6n839fup2jbap0tjew/gradle-4.1/lib/plugins/gradle-javascript-4.1.jar
7f1be41ea000-7f1be41ed000 r--s 00011000 08:02 4985694                    /home/hamza/.gradle/wrapper/dists/gradle-4.1-all/bzyivzo6n839fup2jbap0tjew/gradle-4.1/lib/plugins/gradle-jacoco-4.1.jar
7f1be41ed000-7f1be41f0000 r--s 0000e000 08:02 4985693                    /home/hamza/.gradle/wrapper/dists/gradle-4.1-all/bzyivzo6n839fup2jbap0tjew/gradle-4.1/lib/plugins/gradle-ivy-4.1.jar
7f1be41f0000-7f1be41f1000 r--s 00002000 08:02 4985685                    /home/hamza/.gradle/wrapper/dists/gradle-4.1-all/bzyivzo6n839fup2jbap0tjew/gradle-4.1/lib/plugins/gradle-ide-play-4.1.jar
7f1be41f1000-7f1be41f4000 r--s 00013000 08:02 4985686                    /home/hamza/.gradle/wrapper/dists/gradle-4.1-all/bzyivzo6n839fup2jbap0tjew/gradle-4.1/lib/plugins/gradle-ide-native-4.1.jar
7f1be41f4000-7f1be41fe000 r--s 00054000 08:02 4985687                    /home/hamza/.gradle/wrapper/dists/gradle-4.1-all/bzyivzo6n839fup2jbap0tjew/gradle-4.1/lib/plugins/gradle-ide-4.1.jar
7f1be41fe000-7f1be4200000 r--s 00007000 08:02 4985690                    /home/hamza/.gradle/wrapper/dists/gradle-4.1-all/bzyivzo6n839fup2jbap0tjew/gradle-4.1/lib/plugins/gradle-ear-4.1.jar
7f1be4200000-7f1be4202000 r--s 00005000 08:02 4985722                    /home/hamza/.gradle/wrapper/dists/gradle-4.1-all/bzyivzo6n839fup2jbap0tjew/gradle-4.1/lib/plugins/jatl-0.2.2.jar
7f1be4202000-7f1be4209000 r--s 00038000 08:02 4985710                    /home/hamza/.gradle/wrapper/dists/gradle-4.1-all/bzyivzo6n839fup2jbap0tjew/gradle-4.1/lib/plugins/gradle-diagnostics-4.1.jar
7f1be4209000-7f1be420b000 r--s 0000b000 08:02 4985699                    /home/hamza/.gradle/wrapper/dists/gradle-4.1-all/bzyivzo6n839fup2jbap0tjew/gradle-4.1/lib/plugins/gradle-composite-builds-4.1.jar
7f1be420b000-7f1be4210000 r--s 00025000 08:02 4985679                    /home/hamza/.gradle/wrapper/dists/gradle-4.1-all/bzyivzo6n839fup2jbap0tjew/gradle-4.1/lib/plugins/gradle-code-quality-4.1.jar
7f1be4210000-7f1be4215000 r--s 00022000 08:02 4985695                    /home/hamza/.gradle/wrapper/dists/gradle-4.1-all/bzyivzo6n839fup2jbap0tjew/gradle-4.1/lib/plugins/gradle-build-init-4.1.jar
7f1be4215000-7f1be421b000 r--s 0008e000 08:02 4985689                    /home/hamza/.gradle/wrapper/dists/gradle-4.1-all/bzyivzo6n839fup2jbap0tjew/gradle-4.1/lib/plugins/gradle-build-comparison-4.1.jar
7f1be421b000-7f1be421d000 r--s 00008000 08:02 4985680                    /home/hamza/.gradle/wrapper/dists/gradle-4.1-all/bzyivzo6n839fup2jbap0tjew/gradle-4.1/lib/plugins/gradle-antlr-4.1.jar
7f1be421d000-7f1be421f000 r--s 00004000 08:02 4985700                    /home/hamza/.gradle/wrapper/dists/gradle-4.1-all/bzyivzo6n839fup2jbap0tjew/gradle-4.1/lib/plugins/gradle-announce-4.1.jar
7f1be421f000-7f1be4221000 r--s 00008000 08:02 4856632                    /home/hamza/.gradle/wrapper/dists/gradle-4.1-all/bzyivzo6n839fup2jbap0tjew/gradle-4.1/lib/gradle-kotlin-dsl-tooling-builders-0.10.3.jar
7f1be4221000-7f1be4229000 r--s 00028000 08:02 4985779                    /home/hamza/.gradle/wrapper/dists/gradle-4.1-all/bzyivzo6n839fup2jbap0tjew/gradle-4.1/lib/plugins/xml-apis-1.3.04.jar
7f1be4229000-7f1be4241000 r--s 00115000 08:02 4985739                    /home/hamza/.gradle/wrapper/dists/gradle-4.1-all/bzyivzo6n839fup2jbap0tjew/gradle-4.1/lib/plugins/xercesImpl-2.9.1.jar
7f1be4241000-7f1be4281000 r--s 00277000 08:02 4985750                    /home/hamza/.gradle/wrapper/dists/gradle-4.1-all/bzyivzo6n839fup2jbap0tjew/gradle-4.1/lib/plugins/bcprov-jdk15on-1.51.jar
7f1be4281000-7f1be4297000 r-xp 00000000 08:02 5509644                    /lib/x86_64-linux-gnu/libgcc_s.so.1
7f1be4297000-7f1be4496000 ---p 00016000 08:02 5509644                    /lib/x86_64-linux-gnu/libgcc_s.so.1
7f1be4496000-7f1be4497000 rw-p 00015000 08:02 5509644                    /lib/x86_64-linux-gnu/libgcc_s.so.1
7f1be4497000-7f1be4609000 r-xp 00000000 08:02 395394                     /usr/lib/x86_64-linux-gnu/libstdc++.so.6.0.21
7f1be4609000-7f1be4809000 ---p 00172000 08:02 395394                     /usr/lib/x86_64-linux-gnu/libstdc++.so.6.0.21
7f1be4809000-7f1be4813000 r--p 00172000 08:02 395394                     /usr/lib/x86_64-linux-gnu/libstdc++.so.6.0.21
7f1be4813000-7f1be4815000 rw-p 0017c000 08:02 395394                     /usr/lib/x86_64-linux-gnu/libstdc++.so.6.0.21
7f1be4815000-7f1be4819000 rw-p 00000000 00:00 0 
7f1be4819000-7f1be481e000 r-xp 00000000 08:02 4597323                    /home/hamza/.gradle/native/25/linux-amd64/libnative-platform.so
7f1be481e000-7f1be4a1d000 ---p 00005000 08:02 4597323                    /home/hamza/.gradle/native/25/linux-amd64/libnative-platform.so
7f1be4a1d000-7f1be4a1e000 rw-p 00004000 08:02 4597323                    /home/hamza/.gradle/native/25/linux-amd64/libnative-platform.so
7f1be4a1e000-7f1be4a2f000 r-xp 00000000 08:02 4589954                    /home/hamza/Documents/android-studio/jre/jre/lib/amd64/libnio.so
7f1be4a2f000-7f1be4c2e000 ---p 00011000 08:02 4589954                    /home/hamza/Documents/android-studio/jre/jre/lib/amd64/libnio.so
7f1be4c2e000-7f1be4c2f000 r--p 00010000 08:02 4589954                    /home/hamza/Documents/android-studio/jre/jre/lib/amd64/libnio.so
7f1be4c2f000-7f1be4c30000 rw-p 00011000 08:02 4589954                    /home/hamza/Documents/android-studio/jre/jre/lib/amd64/libnio.so
7f1be4c30000-7f1be7c31000 rw-p 00000000 00:00 0 
7f1be7c31000-7f1be7c47000 r-xp 00000000 08:02 4589952                    /home/hamza/Documents/android-studio/jre/jre/lib/amd64/libnet.so
7f1be7c47000-7f1be7e47000 ---p 00016000 08:02 4589952                    /home/hamza/Documents/android-studio/jre/jre/lib/amd64/libnet.so
7f1be7e47000-7f1be7e48000 r--p 00016000 08:02 4589952                    /home/hamza/Documents/android-studio/jre/jre/lib/amd64/libnet.so
7f1be7e48000-7f1be7e49000 rw-p 00017000 08:02 4589952                    /home/hamza/Documents/android-studio/jre/jre/lib/amd64/libnet.so
7f1be7e49000-7f1be8000000 r--s 01786000 08:02 4856634                    /home/hamza/.gradle/wrapper/dists/gradle-4.1-all/bzyivzo6n839fup2jbap0tjew/gradle-4.1/lib/kotlin-compiler-embeddable-1.1.3-2.jar
7f1be8000000-7f1be8021000 rw-p 00000000 00:00 0 
7f1be8021000-7f1bec000000 ---p 00000000 00:00 0 
7f1bec000000-7f1bec001000 r--s 00002000 08:02 4985717                    /home/hamza/.gradle/wrapper/dists/gradle-4.1-all/bzyivzo6n839fup2jbap0tjew/gradle-4.1/lib/plugins/gradle-build-cache-http-4.1.jar
7f1bec001000-7f1bec004000 r--s 0001c000 08:02 4985738                    /home/hamza/.gradle/wrapper/dists/gradle-4.1-all/bzyivzo6n839fup2jbap0tjew/gradle-4.1/lib/plugins/nekohtml-1.9.14.jar
7f1bec004000-7f1bec00a000 r--s 0005b000 08:02 4985737                    /home/hamza/.gradle/wrapper/dists/gradle-4.1-all/bzyivzo6n839fup2jbap0tjew/gradle-4.1/lib/plugins/jcifs-1.3.17.jar
7f1bec00a000-7f1bec011000 r--s 00049000 08:02 4985778                    /home/hamza/.gradle/wrapper/dists/gradle-4.1-all/bzyivzo6n839fup2jbap0tjew/gradle-4.1/lib/plugins/httpcore-4.4.4.jar
7f1bec011000-7f1bec017000 r--s 00033000 08:02 4985730                    /home/hamza/.gradle/wrapper/dists/gradle-4.1-all/bzyivzo6n839fup2jbap0tjew/gradle-4.1/lib/plugins/commons-codec-1.6.jar
7f1bec017000-7f1bec024000 r--s 000a4000 08:02 4985723                    /home/hamza/.gradle/wrapper/dists/gradle-4.1-all/bzyivzo6n839fup2jbap0tjew/gradle-4.1/lib/plugins/httpclient-4.4.1.jar
7f1bec024000-7f1bec026000 r--s 0000b000 08:02 4985718                    /home/hamza/.gradle/wrapper/dists/gradle-4.1-all/bzyivzo6n839fup2jbap0tjew/gradle-4.1/lib/plugins/gradle-resources-http-4.1.jar
7f1bec026000-7f1bec02a000 r--s 00017000 08:02 4985715                    /home/hamza/.gradle/wrapper/dists/gradle-4.1-all/bzyivzo6n839fup2jbap0tjew/gradle-4.1/lib/plugins/gradle-plugin-use-4.1.jar
7f1bec02a000-7f1bec02b000 r--s 00000000 08:02 4856638                    /home/hamza/.gradle/wrapper/dists/gradle-4.1-all/bzyivzo6n839fup2jbap0tjew/gradle-4.1/lib/gradle-runtime-api-info-4.1.jar
7f1bec02b000-7f1bec02c000 r--s 00000000 08:02 4856641                    /home/hamza/.gradle/wrapper/dists/gradle-4.1-all/bzyivzo6n839fup2jbap0tjew/gradle-4.1/lib/gradle-installation-beacon-4.1.jar
7f1bec02c000-7f1bec030000 r--s 0001d000 08:02 4985749                    /home/hamza/.gradle/wrapper/dists/gradle-4.1-all/bzyivzo6n839fup2jbap0tjew/gradle-4.1/lib/plugins/xbean-reflect-3.4.jar
7f1bec030000-7f1bec032000 r--s 0000a000 08:02 4985751                    /home/hamza/.gradle/wrapper/dists/gradle-4.1-all/bzyivzo6n839fup2jbap0tjew/gradle-4.1/lib/plugins/maven-settings-3.0.4.jar
7f1bec032000-7f1bec035000 r--s 00008000 08:02 4985752                    /home/hamza/.gradle/wrapper/dists/gradle-4.1-all/bzyivzo6n839fup2jbap0tjew/gradle-4.1/lib/plugins/maven-settings-builder-3.0.4.jar
7f1bec035000-7f1bec039000 r--s 00033000 08:02 4985753                    /home/hamza/.gradle/wrapper/dists/gradle-4.1-all/bzyivzo6n839fup2jbap0tjew/gradle-4.1/lib/plugins/plexus-utils-2.0.6.jar
7f1bec039000-7f1bec03b000 r--s 0000d000 08:02 4985754                    /home/hamza/.gradle/wrapper/dists/gradle-4.1-all/bzyivzo6n839fup2jbap0tjew/gradle-4.1/lib/plugins/plexus-interpolation-1.14.jar
7f1bec03b000-7f1bec03d000 r--s 00000000 08:02 4985729                    /home/hamza/.gradle/wrapper/dists/gradle-4.1-all/bzyivzo6n839fup2jbap0tjew/gradle-4.1/lib/plugins/plexus-component-annotations-1.5.5.jar
7f1bec03d000-7f1bec044000 r--s 0002e000 08:02 4985755                    /home/hamza/.gradle/wrapper/dists/gradle-4.1-all/bzyivzo6n839fup2jbap0tjew/gradle-4.1/lib/plugins/plexus-container-default-1.5.5.jar
7f1bec044000-7f1bec046000 r--s 0000a000 08:02 4985756                    /home/hamza/.gradle/wrapper/dists/gradle-4.1-all/bzyivzo6n839fup2jbap0tjew/gradle-4.1/lib/plugins/plexus-classworlds-2.4.jar
7f1bec046000-7f1bec048000 r--s 00002000 08:02 4985757                    /home/hamza/.gradle/wrapper/dists/gradle-4.1-all/bzyivzo6n839fup2jbap0tjew/gradle-4.1/lib/plugins/plexus-cipher-1.7.jar
7f1bec048000-7f1bec049000 r--s 00006000 08:02 4985758                    /home/hamza/.gradle/wrapper/dists/gradle-4.1-all/bzyivzo6n839fup2jbap0tjew/gradle-4.1/lib/plugins/plexus-sec-dispatcher-1.3.jar
7f1bec049000-7f1bec04f000 r--s 0003f000 08:02 4985759                    /home/hamza/.gradle/wrapper/dists/gradle-4.1-all/bzyivzo6n839fup2jbap0tjew/gradle-4.1/lib/plugins/maven-compat-3.0.4.jar
7f1bec04f000-7f1bec053000 r--s 00021000 08:02 4985760                    /home/hamza/.gradle/wrapper/dists/gradle-4.1-all/bzyivzo6n839fup2jbap0tjew/gradle-4.1/lib/plugins/maven-model-builder-3.0.4.jar
7f1bec053000-7f1bec055000 r--s 00026000 08:02 4985761                    /home/hamza/.gradle/wrapper/dists/gradle-4.1-all/bzyivzo6n839fup2jbap0tjew/gradle-4.1/lib/plugins/maven-model-3.0.4.jar
7f1bec055000-7f1bec057000 r--s 0000b000 08:02 4985762                    /home/hamza/.gradle/wrapper/dists/gradle-4.1-all/bzyivzo6n839fup2jbap0tjew/gradle-4.1/lib/plugins/maven-artifact-3.0.4.jar
7f1bec057000-7f1bec059000 r--s 00006000 08:02 4985763                    /home/hamza/.gradle/wrapper/dists/gradle-4.1-all/bzyivzo6n839fup2jbap0tjew/gradle-4.1/lib/plugins/maven-repository-metadata-3.0.4.jar
7f1bec059000-7f1bec05b000 r--s 0000b000 08:02 4985764                    /home/hamza/.gradle/wrapper/dists/gradle-4.1-all/bzyivzo6n839fup2jbap0tjew/gradle-4.1/lib/plugins/maven-plugin-api-3.0.4.jar
7f1bec05b000-7f1bec05d000 r--s 0000c000 08:02 4985765                    /home/hamza/.gradle/wrapper/dists/gradle-4.1-all/bzyivzo6n839fup2jbap0tjew/gradle-4.1/lib/plugins/maven-aether-provider-3.0.4.jar
7f1bec05d000-7f1bec05e000 r--s 00002000 08:02 4985766                    /home/hamza/.gradle/wrapper/dists/gradle-4.1-all/bzyivzo6n839fup2jbap0tjew/gradle-4.1/lib/plugins/wagon-file-2.4.jar
7f1bec05e000-7f1bec05f000 r--s 00002000 08:02 4985767                    /home/hamza/.gradle/wrapper/dists/gradle-4.1-all/bzyivzo6n839fup2jbap0tjew/gradle-4.1/lib/plugins/wagon-http-2.4.jar
7f1bec05f000-7f1bec061000 r--s 0000b000 08:02 4985768                    /home/hamza/.gradle/wrapper/dists/gradle-4.1-all/bzyivzo6n839fup2jbap0tjew/gradle-4.1/lib/plugins/wagon-provider-api-2.4.jar
7f1bec061000-7f1bec062000 r--s 00007000 08:02 4985769                    /home/hamza/.gradle/wrapper/dists/gradle-4.1-all/bzyivzo6n839fup2jbap0tjew/gradle-4.1/lib/plugins/wagon-http-shared4-2.4.jar
7f1bec062000-7f1bec065000 r--s 00013000 08:02 4985770                    /home/hamza/.gradle/wrapper/dists/gradle-4.1-all/bzyivzo6n839fup2jbap0tjew/gradle-4.1/lib/plugins/aether-api-1.13.1.jar
7f1bec065000-7f1bec068000 r--s 0001d000 08:02 4985771                    /home/hamza/.gradle/wrapper/dists/gradle-4.1-all/bzyivzo6n839fup2jbap0tjew/gradle-4.1/lib/plugins/aether-impl-1.13.1.jar
7f1bec068000-7f1bec069000 r--s 00003000 08:02 4985772                    /home/hamza/.gradle/wrapper/dists/gradle-4.1-all/bzyivzo6n839fup2jbap0tjew/gradle-4.1/lib/plugins/aether-spi-1.13.1.jar
7f1bec069000-7f1bec06d000 r--s 0001c000 08:02 4985773                    /home/hamza/.gradle/wrapper/dists/gradle-4.1-all/bzyivzo6n839fup2jbap0tjew/gradle-4.1/lib/plugins/aether-util-1.13.1.jar
7f1bec06d000-7f1bec06f000 r--s 00006000 08:02 4985774                    /home/hamza/.gradle/wrapper/dists/gradle-4.1-all/bzyivzo6n839fup2jbap0tjew/gradle-4.1/lib/plugins/aether-connector-wagon-1.13.1.jar
7f1bec06f000-7f1bec07b000 r--s 0007d000 08:02 4985726                    /home/hamza/.gradle/wrapper/dists/gradle-4.1-all/bzyivzo6n839fup2jbap0tjew/gradle-4.1/lib/plugins/maven-core-3.0.4.jar
7f1bec07b000-7f1bec080000 r--s 00034000 08:02 4985733                    /home/hamza/.gradle/wrapper/dists/gradle-4.1-all/bzyivzo6n839fup2jbap0tjew/gradle-4.1/lib/plugins/gson-2.7.jar
7f1bec080000-7f1bec085000 r--s 00040000 08:02 4985741                    /home/hamza/.gradle/wrapper/dists/gradle-4.1-all/bzyivzo6n839fup2jbap0tjew/gradle-4.1/lib/plugins/jsch-0.1.54.jar
7f1bec085000-7f1bec094000 r--s 000d9000 08:02 4985740                    /home/hamza/.gradle/wrapper/dists/gradle-4.1-all/bzyivzo6n839fup2jbap0tjew/gradle-4.1/lib/plugins/ivy-2.2.0.jar
7f1bec094000-7f1bec0b8000 r--s 0011a000 08:02 4985721                    /home/hamza/.gradle/wrapper/dists/gradle-4.1-all/bzyivzo6n839fup2jbap0tjew/gradle-4.1/lib/plugins/gradle-dependency-management-4.1.jar
7f1bec0b8000-7f1bec0bb000 r--s 0000d000 08:02 4985720                    /home/hamza/.gradle/wrapper/dists/gradle-4.1-all/bzyivzo6n839fup2jbap0tjew/gradle-4.1/lib/plugins/gradle-workers-4.1.jar
7f1bec0bb000-7f1bec0bc000 r--s 00006000 08:02 4856640                    /home/hamza/.gradle/wrapper/dists/gradle-4.1-all/bzyivzo6n839fup2jbap0tjew/gradle-4.1/lib/gradle-wrapper-4.1.jar
7f1bec0bc000-7f1bec0c9000 r--s 00043000 08:02 4856639                    /home/hamza/.gradle/wrapper/dists/gradle-4.1-all/bzyivzo6n839fup2jbap0tjew/gradle-4.1/lib/gradle-tooling-api-4.1.jar
7f1bec0c9000-7f1bec0d8000 r--s 000c8000 08:02 4856636                    /home/hamza/.gradle/wrapper/dists/gradle-4.1-all/bzyivzo6n839fup2jbap0tjew/gradle-4.1/lib/kotlin-stdlib-1.1.3-2.jar
7f1bec0d8000-7f1bec10a000 r--s 0021b000 08:02 4856635                    /home/hamza/.gradle/wrapper/dists/gradle-4.1-all/bzyivzo6n839fup2jbap0tjew/gradle-4.1/lib/kotlin-reflect-1.1.3-2.jar
7f1bec10a000-7f1bec10b000 r--s 00000000 08:02 4856633                    /home/hamza/.gradle/wrapper/dists/gradle-4.1-all/bzyivzo6n839fup2jbap0tjew/gradle-4.1/lib/gradle-kotlin-dsl-tooling-models-0.10.3.jar
7f1bec10b000-7f1bec10c000 r--s 00001000 08:02 4856631                    /home/hamza/.gradle/wrapper/dists/gradle-4.1-all/bzyivzo6n839fup2jbap0tjew/gradle-4.1/lib/gradle-kotlin-dsl-compiler-plugin-0.10.3.jar
7f1bec10c000-7f1bec10e000 r--s 00003000 08:02 4856629                    /home/hamza/.gradle/wrapper/dists/gradle-4.1-all/bzyivzo6n839fup2jbap0tjew/gradle-4.1/lib/annotations-13.0.jar
7f1bec10e000-7f1bec118000 r--s 00073000 08:02 4856630                    /home/hamza/.gradle/wrapper/dists/gradle-4.1-all/bzyivzo6n839fup2jbap0tjew/gradle-4.1/lib/gradle-kotlin-dsl-0.10.3.jar
7f1bec118000-7f1bec11d000 r--s 00013000 08:02 4856646                    /home/hamza/.gradle/wrapper/dists/gradle-4.1-all/bzyivzo6n839fup2jbap0tjew/gradle-4.1/lib/gradle-resources-4.1.jar
7f1bec11d000-7f1bec11f000 r--s 00005000 08:02 4856653                    /home/hamza/.gradle/wrapper/dists/gradle-4.1-all/bzyivzo6n839fup2jbap0tjew/gradle-4.1/lib/gradle-cli-4.1.jar
7f1bec11f000-7f1bec121000 r--s 00003000 08:02 4856660                    /home/hamza/.gradle/wrapper/dists/gradle-4.1-all/bzyivzo6n839fup2jbap0tjew/gradle-4.1/lib/jcl-over-slf4j-1.7.10.jar
7f1bec121000-7f1bec122000 r--s 00005000 08:02 4856659                    /home/hamza/.gradle/wrapper/dists/gradle-4.1-all/bzyivzo6n839fup2jbap0tjew/gradle-4.1/lib/log4j-over-slf4j-1.7.10.jar
7f1bec122000-7f1bec124000 r--s 00000000 08:02 4856658                    /home/hamza/.gradle/wrapper/dists/gradle-4.1-all/bzyivzo6n839fup2jbap0tjew/gradle-4.1/lib/jul-to-slf4j-1.7.10.jar
7f1bec124000-7f1bec12b000 r--s 0002c000 08:02 4856644                    /home/hamza/.gradle/wrapper/dists/gradle-4.1-all/bzyivzo6n839fup2jbap0tjew/gradle-4.1/lib/gradle-logging-4.1.jar
7f1bec12b000-7f1bec13b000 r--s 00082000 08:02 4856649                    /home/hamza/.gradle/wrapper/dists/gradle-4.1-all/bzyivzo6n839fup2jbap0tjew/gradle-4.1/lib/gradle-model-core-4.1.jar
7f1bec13b000-7f1bec13d000 r--s 00006000 08:02 4856650                    /home/hamza/.gradle/wrapper/dists/gradle-4.1-all/bzyivzo6n839fup2jbap0tjew/gradle-4.1/lib/gradle-base-services-groovy-4.1.jar
7f1bec13d000-7f1bec13f000 r--s 00007000 08:02 4856648                    /home/hamza/.gradle/wrapper/dists/gradle-4.1-all/bzyivzo6n839fup2jbap0tjew/gradle-4.1/lib/gradle-model-groovy-4.1.jar
7f1bec13f000-7f1bec140000 r--s 00002000 08:02 4856671                    /home/hamza/.gradle/wrapper/dists/gradle-4.1-all/bzyivzo6n839fup2jbap0tjew/gradle-4.1/lib/gradle-docs-4.1.jar
7f1bec140000-7f1bec14d000 r--s 00083000 08:02 4856669                    /home/hamza/.gradle/wrapper/dists/gradle-4.1-all/bzyivzo6n839fup2jbap0tjew/gradle-4.1/lib/commons-collections-3.2.2.jar
7f1bec14d000-7f1bec14e000 r--s 00000000 08:02 4856668                    /home/hamza/.gradle/wrapper/dists/gradle-4.1-all/bzyivzo6n839fup2jbap0tjew/gradle-4.1/lib/javax.inject-1.jar
7f1bec14e000-7f1bec1be000 r--s 00645000 08:02 4856666                    /home/hamza/.gradle/wrapper/dists/gradle-4.1-all/bzyivzo6n839fup2jbap0tjew/gradle-4.1/lib/groovy-all-2.4.11.jar
7f1bec1be000-7f1bec1c1000 r--s 00023000 08:02 4856672                    /home/hamza/.gradle/wrapper/dists/gradle-4.1-all/bzyivzo6n839fup2jbap0tjew/gradle-4.1/lib/jansi-1.14.jar
7f1bec1c1000-7f1bec1c2000 r--s 00004000 08:02 4856674                    /home/hamza/.gradle/wrapper/dists/gradle-4.1-all/bzyivzo6n839fup2jbap0tjew/gradle-4.1/lib/native-platform-freebsd-amd64-libcpp-0.14.jar
7f1bec1c2000-7f1bec1c3000 r--s 00004000 08:02 4856675                    /home/hamza/.gradle/wrapper/dists/gradle-4.1-all/bzyivzo6n839fup2jbap0tjew/gradle-4.1/lib/native-platform-freebsd-amd64-libstdcpp-0.14.jar
7f1bec1c3000-7f1bec1c4000 r--s 00004000 08:02 4856676                    /home/hamza/.gradle/wrapper/dists/gradle-4.1-all/bzyivzo6n839fup2jbap0tjew/gradle-4.1/lib/native-platform-freebsd-i386-libcpp-0.14.jar
7f1bec1c4000-7f1bec1c5000 r--s 00003000 08:02 4856677                    /home/hamza/.gradle/wrapper/dists/gradle-4.1-all/bzyivzo6n839fup2jbap0tjew/gradle-4.1/lib/native-platform-freebsd-i386-libstdcpp-0.14.jar
7f1bec1c5000-7f1bec1c6000 r--s 00002000 08:02 4856678                    /home/hamza/.gradle/wrapper/dists/gradle-4.1-all/bzyivzo6n839fup2jbap0tjew/gradle-4.1/lib/native-platform-linux-amd64-0.14.jar
7f1bec1c6000-7f1bec1c7000 r--s 00002000 08:02 4856679                    /home/hamza/.gradle/wrapper/dists/gradle-4.1-all/bzyivzo6n839fup2jbap0tjew/gradle-4.1/lib/native-platform-linux-i386-0.14.jar
7f1bec1c7000-7f1bec1c9000 r--s 00002000 08:02 4856680                    /home/hamza/.gradle/wrapper/dists/gradle-4.1-all/bzyivzo6n839fup2jbap0tjew/gradle-4.1/lib/native-platform-osx-amd64-0.14.jar
7f1bec1c9000-7f1bec1ca000 r--s 00003000 08:02 4856681                    /home/hamza/.gradle/wrapper/dists/gradle-4.1-all/bzyivzo6n839fup2jbap0tjew/gradle-4.1/lib/native-platform-osx-i386-0.14.jar
7f1bec1ca000-7f1bec1cc000 r--s 0000b000 08:02 4856682                    /home/hamza/.gradle/wrapper/dists/gradle-4.1-all/bzyivzo6n839fup2jbap0tjew/gradle-4.1/lib/native-platform-windows-amd64-0.14.jar
7f1bec1cc000-7f1bec1cd000 r--s 0000b000 08:02 4856683                    /home/hamza/.gradle/wrapper/dists/gradle-4.1-all/bzyivzo6n839fup2jbap0tjew/gradle-4.1/lib/native-platform-windows-i386-0.14.jar
7f1bec1cd000-7f1bec1ce000 r--s 00001000 08:02 4856684                    /home/hamza/.gradle/wrapper/dists/gradle-4.1-all/bzyivzo6n839fup2jbap0tjew/gradle-4.1/lib/native-platform-linux-amd64-ncurses5-0.14.jar
7f1bec1ce000-7f1bec1cf000 r--s 00001000 08:02 4856685                    /home/hamza/.gradle/wrapper/dists/gradle-4.1-all/bzyivzo6n839fup2jbap0tjew/gradle-4.1/lib/native-platform-linux-amd64-ncurses6-0.14.jar
7f1bec1cf000-7f1bec1d3000 r--s 00012000 08:02 4856670                    /home/hamza/.gradle/wrapper/dists/gradle-4.1-all/bzyivzo6n839fup2jbap0tjew/gradle-4.1/lib/native-platform-0.14.jar
7f1bec1d3000-7f1bec1d6000 r--s 0000c000 08:02 4856647                    /home/hamza/.gradle/wrapper/dists/gradle-4.1-all/bzyivzo6n839fup2jbap0tjew/gradle-4.1/lib/gradle-native-4.1.jar
7f1bec1d6000-7f1bec1fe000 r--s 001cf000 08:02 4856662                    /home/hamza/.gradle/wrapper/dists/gradle-4.1-all/bzyivzo6n839fup2jbap0tjew/gradle-4.1/lib/guava-jdk5-17.0.jar
7f1bec1fe000-7f1bec21d000 r--s 001d1000 08:02 4856667                    /home/hamza/.gradle/wrapper/dists/gradle-4.1-all/bzyivzo6n839fup2jbap0tjew/gradle-4.1/lib/ant-1.9.6.jar
7f1bec21d000-7f1bec21e000 ---p 00000000 00:00 0 
7f1bec21e000-7f1bec31e000 rw-p 00000000 00:00 0 
7f1bec31e000-7f1bec321000 ---p 00000000 00:00 0 
7f1bec321000-7f1bec41f000 rw-p 00000000 00:00 0 
7f1bec41f000-7f1bec422000 ---p 00000000 00:00 0 
7f1bec422000-7f1bec520000 rw-p 00000000 00:00 0 
7f1bec520000-7f1bec523000 ---p 00000000 00:00 0 
7f1bec523000-7f1bec621000 rw-p 00000000 00:00 0 
7f1bec621000-7f1bec624000 ---p 00000000 00:00 0 
7f1bec624000-7f1bec722000 rw-p 00000000 00:00 0 
7f1bec722000-7f1bec725000 ---p 00000000 00:00 0 
7f1bec725000-7f1bec823000 rw-p 00000000 00:00 0 
7f1bec823000-7f1becafb000 r--p 00000000 08:02 394857                     /usr/lib/locale/locale-archive
7f1becafb000-7f1becafe000 ---p 00000000 00:00 0 
7f1becafe000-7f1becbfc000 rw-p 00000000 00:00 0 
7f1becbfc000-7f1becbff000 ---p 00000000 00:00 0 
7f1becbff000-7f1beccfd000 rw-p 00000000 00:00 0 
7f1beccfd000-7f1beccfe000 ---p 00000000 00:00 0 
7f1beccfe000-7f1bf0000000 rw-p 00000000 00:00 0 
7f1bf0000000-7f1bf0021000 rw-p 00000000 00:00 0 
7f1bf0021000-7f1bf4000000 ---p 00000000 00:00 0 
7f1bf4000000-7f1bf4001000 r--s 00001000 08:02 4856686                    /home/hamza/.gradle/wrapper/dists/gradle-4.1-all/bzyivzo6n839fup2jbap0tjew/gradle-4.1/lib/native-platform-linux-i386-ncurses5-0.14.jar
7f1bf4001000-7f1bf4003000 r--s 0000f000 08:02 4856655                    /home/hamza/.gradle/wrapper/dists/gradle-4.1-all/bzyivzo6n839fup2jbap0tjew/gradle-4.1/lib/reflectasm-1.07-shaded.jar
7f1bf4003000-7f1bf4005000 r--s 00000000 08:02 4856688                    /home/hamza/.gradle/wrapper/dists/gradle-4.1-all/bzyivzo6n839fup2jbap0tjew/gradle-4.1/lib/minlog-1.2.jar
7f1bf4005000-7f1bf4007000 r--s 00007000 08:02 4856689                    /home/hamza/.gradle/wrapper/dists/gradle-4.1-all/bzyivzo6n839fup2jbap0tjew/gradle-4.1/lib/objenesis-1.2.jar
7f1bf4007000-7f1bf4051000 r--s 00253000 08:02 4856642                    /home/hamza/.gradle/wrapper/dists/gradle-4.1-all/bzyivzo6n839fup2jbap0tjew/gradle-4.1/lib/gradle-core-4.1.jar
7f1bf4051000-7f1bf4e30000 rw-p 00000000 00:00 0 
7f1bf4e30000-7f1bf5000000 r--s 03c46000 08:02 4589922                    /home/hamza/Documents/android-studio/jre/jre/lib/rt.jar
7f1bf5000000-7f1bf5520000 rwxp 00000000 00:00 0 
7f1bf5520000-7f1c04000000 ---p 00000000 00:00 0 
7f1c04000000-7f1c04cd7000 rw-p 00000000 00:00 0 
7f1c04cd7000-7f1c08000000 ---p 00000000 00:00 0 
7f1c08000000-7f1c08001000 r--s 00001000 08:02 4856687                    /home/hamza/.gradle/wrapper/dists/gradle-4.1-all/bzyivzo6n839fup2jbap0tjew/gradle-4.1/lib/native-platform-linux-i386-ncurses6-0.14.jar
7f1c08001000-7f1c08005000 r--s 00026000 08:02 4856654                    /home/hamza/.gradle/wrapper/dists/gradle-4.1-all/bzyivzo6n839fup2jbap0tjew/gradle-4.1/lib/kryo-2.20.jar
7f1c08005000-7f1c0800b000 r--s 0002b000 08:02 4856651                    /home/hamza/.gradle/wrapper/dists/gradle-4.1-all/bzyivzo6n839fup2jbap0tjew/gradle-4.1/lib/gradle-messaging-4.1.jar
7f1c0800b000-7f1c0800d000 r--s 00006000 08:02 4856645                    /home/hamza/.gradle/wrapper/dists/gradle-4.1-all/bzyivzo6n839fup2jbap0tjew/gradle-4.1/lib/gradle-process-services-4.1.jar
7f1c0800d000-7f1c08012000 r--s 00041000 08:02 4856664                    /home/hamza/.gradle/wrapper/dists/gradle-4.1-all/bzyivzo6n839fup2jbap0tjew/gradle-4.1/lib/commons-lang-2.6.jar
7f1c08012000-7f1c08b88000 rw-p 00000000 00:00 0 
7f1c08b88000-7f1c08b89000 ---p 00000000 00:00 0 
7f1c08b89000-7f1c08c89000 rw-p 00000000 00:00 0 
7f1c08c89000-7f1c08c8a000 ---p 00000000 00:00 0 
7f1c08c8a000-7f1c08d8a000 rw-p 00000000 00:00 0 
7f1c08d8a000-7f1c08d8b000 ---p 00000000 00:00 0 
7f1c08d8b000-7f1c08e8b000 rw-p 00000000 00:00 0 
7f1c08e8b000-7f1c08e8c000 ---p 00000000 00:00 0 
7f1c08e8c000-7f1c08fa0000 rw-p 00000000 00:00 0 
7f1c08fa0000-7f1c0918c000 ---p 00000000 00:00 0 
7f1c0918c000-7f1c091a0000 rw-p 00000000 00:00 0 
7f1c091a0000-7f1c0938c000 ---p 00000000 00:00 0 
7f1c0938c000-7f1c093ad000 rw-p 00000000 00:00 0 
7f1c093ad000-7f1c0948c000 ---p 00000000 00:00 0 
7f1c0948c000-7f1c094a2000 rw-p 00000000 00:00 0 
7f1c094a2000-7f1c0984d000 ---p 00000000 00:00 0 
7f1c0984d000-7f1c09867000 r-xp 00000000 08:02 4589949                    /home/hamza/Documents/android-studio/jre/jre/lib/amd64/libzip.so
7f1c09867000-7f1c09a67000 ---p 0001a000 08:02 4589949                    /home/hamza/Documents/android-studio/jre/jre/lib/amd64/libzip.so
7f1c09a67000-7f1c09a68000 r--p 0001a000 08:02 4589949                    /home/hamza/Documents/android-studio/jre/jre/lib/amd64/libzip.so
7f1c09a68000-7f1c09a69000 rw-p 0001b000 08:02 4589949                    /home/hamza/Documents/android-studio/jre/jre/lib/amd64/libzip.so
7f1c09a69000-7f1c09a74000 r-xp 00000000 08:02 5509523                    /lib/x86_64-linux-gnu/libnss_files-2.23.so
7f1c09a74000-7f1c09c73000 ---p 0000b000 08:02 5509523                    /lib/x86_64-linux-gnu/libnss_files-2.23.so
7f1c09c73000-7f1c09c74000 r--p 0000a000 08:02 5509523                    /lib/x86_64-linux-gnu/libnss_files-2.23.so
7f1c09c74000-7f1c09c75000 rw-p 0000b000 08:02 5509523                    /lib/x86_64-linux-gnu/libnss_files-2.23.so
7f1c09c75000-7f1c09c7b000 rw-p 00000000 00:00 0 
7f1c09c7b000-7f1c09c86000 r-xp 00000000 08:02 5509526                    /lib/x86_64-linux-gnu/libnss_nis-2.23.so
7f1c09c86000-7f1c09e85000 ---p 0000b000 08:02 5509526                    /lib/x86_64-linux-gnu/libnss_nis-2.23.so
7f1c09e85000-7f1c09e86000 r--p 0000a000 08:02 5509526                    /lib/x86_64-linux-gnu/libnss_nis-2.23.so
7f1c09e86000-7f1c09e87000 rw-p 0000b000 08:02 5509526                    /lib/x86_64-linux-gnu/libnss_nis-2.23.so
7f1c09e87000-7f1c09e9d000 r-xp 00000000 08:02 5506322                    /lib/x86_64-linux-gnu/libnsl-2.23.so
7f1c09e9d000-7f1c0a09c000 ---p 00016000 08:02 5506322                    /lib/x86_64-linux-gnu/libnsl-2.23.so
7f1c0a09c000-7f1c0a09d000 r--p 00015000 08:02 5506322                    /lib/x86_64-linux-gnu/libnsl-2.23.so
7f1c0a09d000-7f1c0a09e000 rw-p 00016000 08:02 5506322                    /lib/x86_64-linux-gnu/libnsl-2.23.so
7f1c0a09e000-7f1c0a0a0000 rw-p 00000000 00:00 0 
7f1c0a0a0000-7f1c0a0a8000 r-xp 00000000 08:02 5509532                    /lib/x86_64-linux-gnu/libnss_compat-2.23.so
7f1c0a0a8000-7f1c0a2a7000 ---p 00008000 08:02 5509532                    /lib/x86_64-linux-gnu/libnss_compat-2.23.so
7f1c0a2a7000-7f1c0a2a8000 r--p 00007000 08:02 5509532                    /lib/x86_64-linux-gnu/libnss_compat-2.23.so
7f1c0a2a8000-7f1c0a2a9000 rw-p 00008000 08:02 5509532                    /lib/x86_64-linux-gnu/libnss_compat-2.23.so
7f1c0a2a9000-7f1c0a2d6000 r-xp 00000000 08:02 4589959                    /home/hamza/Documents/android-studio/jre/jre/lib/amd64/libjava.so
7f1c0a2d6000-7f1c0a4d5000 ---p 0002d000 08:02 4589959                    /home/hamza/Documents/android-studio/jre/jre/lib/amd64/libjava.so
7f1c0a4d5000-7f1c0a4d6000 r--p 0002c000 08:02 4589959                    /home/hamza/Documents/android-studio/jre/jre/lib/amd64/libjava.so
7f1c0a4d6000-7f1c0a4d8000 rw-p 0002d000 08:02 4589959                    /home/hamza/Documents/android-studio/jre/jre/lib/amd64/libjava.so
7f1c0a4d8000-7f1c0a4e8000 r-xp 00000000 08:02 4589975                    /home/hamza/Documents/android-studio/jre/jre/lib/amd64/libverify.so
7f1c0a4e8000-7f1c0a6e7000 ---p 00010000 08:02 4589975                    /home/hamza/Documents/android-studio/jre/jre/lib/amd64/libverify.so
7f1c0a6e7000-7f1c0a6e9000 r--p 0000f000 08:02 4589975                    /home/hamza/Documents/android-studio/jre/jre/lib/amd64/libverify.so
7f1c0a6e9000-7f1c0a6ea000 rw-p 00011000 08:02 4589975                    /home/hamza/Documents/android-studio/jre/jre/lib/amd64/libverify.so
7f1c0a6ea000-7f1c0a6f1000 r-xp 00000000 08:02 5509528                    /lib/x86_64-linux-gnu/librt-2.23.so
7f1c0a6f1000-7f1c0a8f0000 ---p 00007000 08:02 5509528                    /lib/x86_64-linux-gnu/librt-2.23.so
7f1c0a8f0000-7f1c0a8f1000 r--p 00006000 08:02 5509528                    /lib/x86_64-linux-gnu/librt-2.23.so
7f1c0a8f1000-7f1c0a8f2000 rw-p 00007000 08:02 5509528                    /lib/x86_64-linux-gnu/librt-2.23.so
7f1c0a8f2000-7f1c0a9fa000 r-xp 00000000 08:02 5509538                    /lib/x86_64-linux-gnu/libm-2.23.so
7f1c0a9fa000-7f1c0abf9000 ---p 00108000 08:02 5509538                    /lib/x86_64-linux-gnu/libm-2.23.so
7f1c0abf9000-7f1c0abfa000 r--p 00107000 08:02 5509538                    /lib/x86_64-linux-gnu/libm-2.23.so
7f1c0abfa000-7f1c0abfb000 rw-p 00108000 08:02 5509538                    /lib/x86_64-linux-gnu/libm-2.23.so
7f1c0abfb000-7f1c0b7f3000 r-xp 00000000 08:02 4589979                    /home/hamza/Documents/android-studio/jre/jre/lib/amd64/server/libjvm.so
7f1c0b7f3000-7f1c0b9f3000 ---p 00bf8000 08:02 4589979                    /home/hamza/Documents/android-studio/jre/jre/lib/amd64/server/libjvm.so
7f1c0b9f3000-7f1c0ba92000 r--p 00bf8000 08:02 4589979                    /home/hamza/Documents/android-studio/jre/jre/lib/amd64/server/libjvm.so
7f1c0ba92000-7f1c0babb000 rw-p 00c97000 08:02 4589979                    /home/hamza/Documents/android-studio/jre/jre/lib/amd64/server/libjvm.so
7f1c0babb000-7f1c0baff000 rw-p 00000000 00:00 0 
7f1c0baff000-7f1c0bb17000 r-xp 00000000 08:02 5509525                    /lib/x86_64-linux-gnu/libpthread-2.23.so
7f1c0bb17000-7f1c0bd16000 ---p 00018000 08:02 5509525                    /lib/x86_64-linux-gnu/libpthread-2.23.so
7f1c0bd16000-7f1c0bd17000 r--p 00017000 08:02 5509525                    /lib/x86_64-linux-gnu/libpthread-2.23.so
7f1c0bd17000-7f1c0bd18000 rw-p 00018000 08:02 5509525                    /lib/x86_64-linux-gnu/libpthread-2.23.so
7f1c0bd18000-7f1c0bd1c000 rw-p 00000000 00:00 0 
7f1c0bd1c000-7f1c0bd1f000 r-xp 00000000 08:02 5509531                    /lib/x86_64-linux-gnu/libdl-2.23.so
7f1c0bd1f000-7f1c0bf1e000 ---p 00003000 08:02 5509531                    /lib/x86_64-linux-gnu/libdl-2.23.so
7f1c0bf1e000-7f1c0bf1f000 r--p 00002000 08:02 5509531                    /lib/x86_64-linux-gnu/libdl-2.23.so
7f1c0bf1f000-7f1c0bf20000 rw-p 00003000 08:02 5509531                    /lib/x86_64-linux-gnu/libdl-2.23.so
7f1c0bf20000-7f1c0c0e0000 r-xp 00000000 08:02 5509550                    /lib/x86_64-linux-gnu/libc-2.23.so
7f1c0c0e0000-7f1c0c2e0000 ---p 001c0000 08:02 5509550                    /lib/x86_64-linux-gnu/libc-2.23.so
7f1c0c2e0000-7f1c0c2e4000 r--p 001c0000 08:02 5509550                    /lib/x86_64-linux-gnu/libc-2.23.so
7f1c0c2e4000-7f1c0c2e6000 rw-p 001c4000 08:02 5509550                    /lib/x86_64-linux-gnu/libc-2.23.so
7f1c0c2e6000-7f1c0c2ea000 rw-p 00000000 00:00 0 
7f1c0c2ea000-7f1c0c300000 r-xp 00000000 08:02 4589839                    /home/hamza/Documents/android-studio/jre/lib/amd64/jli/libjli.so
7f1c0c300000-7f1c0c4ff000 ---p 00016000 08:02 4589839                    /home/hamza/Documents/android-studio/jre/lib/amd64/jli/libjli.so
7f1c0c4ff000-7f1c0c500000 r--p 00015000 08:02 4589839                    /home/hamza/Documents/android-studio/jre/lib/amd64/jli/libjli.so
7f1c0c500000-7f1c0c501000 rw-p 00016000 08:02 4589839                    /home/hamza/Documents/android-studio/jre/lib/amd64/jli/libjli.so
7f1c0c501000-7f1c0c527000 r-xp 00000000 08:02 5506325                    /lib/x86_64-linux-gnu/ld-2.23.so
7f1c0c527000-7f1c0c529000 r--s 00000000 08:02 4856643                    /home/hamza/.gradle/wrapper/dists/gradle-4.1-all/bzyivzo6n839fup2jbap0tjew/gradle-4.1/lib/gradle-jvm-services-4.1.jar
7f1c0c529000-7f1c0c52a000 r--s 00000000 08:02 4856665                    /home/hamza/.gradle/wrapper/dists/gradle-4.1-all/bzyivzo6n839fup2jbap0tjew/gradle-4.1/lib/jcip-annotations-1.0.jar
7f1c0c52a000-7f1c0c52d000 r--s 00006000 08:02 4856663                    /home/hamza/.gradle/wrapper/dists/gradle-4.1-all/bzyivzo6n839fup2jbap0tjew/gradle-4.1/lib/jsr305-1.3.9.jar
7f1c0c52d000-7f1c0c52e000 r--s 00007000 08:02 4856661                    /home/hamza/.gradle/wrapper/dists/gradle-4.1-all/bzyivzo6n839fup2jbap0tjew/gradle-4.1/lib/slf4j-api-1.7.10.jar
7f1c0c52e000-7f1c0c536000 r--s 000bd000 08:02 4856656                    /home/hamza/.gradle/wrapper/dists/gradle-4.1-all/bzyivzo6n839fup2jbap0tjew/gradle-4.1/lib/asm-debug-all-6.0_ALPHA.jar
7f1c0c536000-7f1c0c542000 r--s 00053000 08:02 4856652                    /home/hamza/.gradle/wrapper/dists/gradle-4.1-all/bzyivzo6n839fup2jbap0tjew/gradle-4.1/lib/gradle-base-services-4.1.jar
7f1c0c542000-7f1c0c604000 rw-p 00000000 00:00 0 
7f1c0c604000-7f1c0c607000 ---p 00000000 00:00 0 
7f1c0c607000-7f1c0c709000 rw-p 00000000 00:00 0 
7f1c0c709000-7f1c0c70d000 r--s 00027000 08:02 4856657                    /home/hamza/.gradle/wrapper/dists/gradle-4.1-all/bzyivzo6n839fup2jbap0tjew/gradle-4.1/lib/commons-io-2.2.jar
7f1c0c70d000-7f1c0c70e000 r--s 00004000 08:02 4856673                    /home/hamza/.gradle/wrapper/dists/gradle-4.1-all/bzyivzo6n839fup2jbap0tjew/gradle-4.1/lib/ant-launcher-1.9.6.jar
7f1c0c70e000-7f1c0c71a000 r--s 0005c000 08:02 4856637                    /home/hamza/.gradle/wrapper/dists/gradle-4.1-all/bzyivzo6n839fup2jbap0tjew/gradle-4.1/lib/gradle-launcher-4.1.jar
7f1c0c71a000-7f1c0c722000 rw-s 00000000 08:02 2374269                    /tmp/hsperfdata_hamza/24254
7f1c0c722000-7f1c0c723000 rw-p 00000000 00:00 0 
7f1c0c723000-7f1c0c724000 ---p 00000000 00:00 0 
7f1c0c724000-7f1c0c726000 rw-p 00000000 00:00 0 
7f1c0c726000-7f1c0c727000 r--p 00025000 08:02 5506325                    /lib/x86_64-linux-gnu/ld-2.23.so
7f1c0c727000-7f1c0c728000 rw-p 00026000 08:02 5506325                    /lib/x86_64-linux-gnu/ld-2.23.so
7f1c0c728000-7f1c0c729000 rw-p 00000000 00:00 0 
7ffd20362000-7ffd20383000 rw-p 00000000 00:00 0                          [stack]
7ffd203a3000-7ffd203a5000 r--p 00000000 00:00 0                          [vvar]
7ffd203a5000-7ffd203a7000 r-xp 00000000 00:00 0                          [vdso]
ffffffffff600000-ffffffffff601000 r-xp 00000000 00:00 0                  [vsyscall]

VM Arguments:
jvm_args: -Xmx1536m -Dfile.encoding=UTF-8 -Duser.country=US -Duser.language=en -Duser.variant 
java_command: org.gradle.launcher.daemon.bootstrap.GradleDaemon 4.1
java_class_path (initial): /home/hamza/.gradle/wrapper/dists/gradle-4.1-all/bzyivzo6n839fup2jbap0tjew/gradle-4.1/lib/gradle-launcher-4.1.jar
Launcher Type: SUN_STANDARD

Environment Variables:
JAVA_HOME=/usr/lib/jvm/java-8-oracle
PATH=/usr/local/sbin:/usr/local/bin:/usr/sbin:/usr/bin:/sbin:/bin:/usr/games:/usr/local/games:/snap/bin:/usr/lib/jvm/java-8-oracle/bin:/usr/lib/jvm/java-8-oracle/db/bin:/usr/lib/jvm/java-8-oracle/jre/bin
LD_LIBRARY_PATH=/home/hamza/Documents/android-studio/bin:
SHELL=/bin/bash
DISPLAY=:0

Signal Handlers:
SIGSEGV: [libjvm.so+0x9ebc60], sa_mask[0]=11111111011111111101111111111110, sa_flags=SA_RESTART|SA_SIGINFO
SIGBUS: [libjvm.so+0x9ebc60], sa_mask[0]=11111111011111111101111111111110, sa_flags=SA_RESTART|SA_SIGINFO
SIGFPE: [libjvm.so+0x84cf60], sa_mask[0]=11111111011111111101111111111110, sa_flags=SA_RESTART|SA_SIGINFO
SIGPIPE: [libjvm.so+0x84cf60], sa_mask[0]=11111111011111111101111111111110, sa_flags=SA_RESTART|SA_SIGINFO
SIGXFSZ: [libjvm.so+0x84cf60], sa_mask[0]=11111111011111111101111111111110, sa_flags=SA_RESTART|SA_SIGINFO
SIGILL: [libjvm.so+0x84cf60], sa_mask[0]=11111111011111111101111111111110, sa_flags=SA_RESTART|SA_SIGINFO
SIGUSR1: SIG_DFL, sa_mask[0]=00000000000000000000000000000000, sa_flags=none
SIGUSR2: [libjvm.so+0x84ce30], sa_mask[0]=00100000000000000000000000000000, sa_flags=SA_RESTART|SA_SIGINFO
SIGHUP: [libjvm.so+0x84d020], sa_mask[0]=11111111011111111101111111111110, sa_flags=SA_RESTART|SA_SIGINFO
SIGINT: [libjvm.so+0x84d020], sa_mask[0]=11111111011111111101111111111110, sa_flags=SA_RESTART|SA_SIGINFO
SIGTERM: [libjvm.so+0x84d020], sa_mask[0]=11111111011111111101111111111110, sa_flags=SA_RESTART|SA_SIGINFO
SIGQUIT: [libjvm.so+0x84d020], sa_mask[0]=11111111011111111101111111111110, sa_flags=SA_RESTART|SA_SIGINFO


---------------  S Y S T E M  ---------------

OS:DISTRIB_ID=Ubuntu
DISTRIB_RELEASE=16.04
DISTRIB_CODENAME=xenial
DISTRIB_DESCRIPTION="Ubuntu 16.04.3 LTS"

uname:Linux 4.4.0-104-generic #127-Ubuntu SMP Mon Dec 11 12:16:42 UTC 2017 x86_64
libc:glibc 2.23 NPTL 2.23 
rlimit: STACK 8192k, CORE 0k, NPROC 14953, NOFILE 1048576, AS infinity
load average:1.52 0.84 0.78

/proc/meminfo:
MemTotal:        3926096 kB
MemFree:          112732 kB
MemAvailable:      32384 kB
Buffers:             964 kB
Cached:           266108 kB
SwapCached:         8672 kB
Active:          2826104 kB
Inactive:         710884 kB
Active(anon):    2807952 kB
Inactive(anon):   695840 kB
Active(file):      18152 kB
Inactive(file):    15044 kB
Unevictable:         224 kB
Mlocked:             224 kB
SwapTotal:       4074492 kB
SwapFree:              0 kB
Dirty:               336 kB
Writeback:             0 kB
AnonPages:       3264472 kB
Mapped:            61864 kB
Shmem:            233016 kB
Slab:              97336 kB
SReclaimable:      42200 kB
SUnreclaim:        55136 kB
KernelStack:       16384 kB
PageTables:        92648 kB
NFS_Unstable:          0 kB
Bounce:                0 kB
WritebackTmp:          0 kB
CommitLimit:     6037540 kB
Committed_AS:   16910184 kB
VmallocTotal:   34359738367 kB
VmallocUsed:           0 kB
VmallocChunk:          0 kB
HardwareCorrupted:     0 kB
AnonHugePages:    372736 kB
CmaTotal:              0 kB
CmaFree:               0 kB
HugePages_Total:       0
HugePages_Free:        0
HugePages_Rsvd:        0
HugePages_Surp:        0
Hugepagesize:       2048 kB
DirectMap4k:      216704 kB
DirectMap2M:     3858432 kB


CPU:total 4 (initial active 4) (2 cores per cpu, 2 threads per core) family 6 model 42 stepping 7, cmov, cx8, fxsr, mmx, sse, sse2, sse3, ssse3, sse4.1, sse4.2, popcnt, avx, aes, clmul, ht, tsc, tscinvbit

/proc/cpuinfo:
processor	: 0
vendor_id	: GenuineIntel
cpu family	: 6
model		: 42
model name	: Intel(R) Core(TM) i7-2640M CPU @ 2.80GHz
stepping	: 7
microcode	: 0x29
cpu MHz		: 3284.750
cache size	: 4096 KB
physical id	: 0
siblings	: 4
core id		: 0
cpu cores	: 2
apicid		: 0
initial apicid	: 0
fpu		: yes
fpu_exception	: yes
cpuid level	: 13
wp		: yes
flags		: fpu vme de pse tsc msr pae mce cx8 apic sep mtrr pge mca cmov pat pse36 clflush dts acpi mmx fxsr sse sse2 ss ht tm pbe syscall nx rdtscp lm constant_tsc arch_perfmon pebs bts nopl xtopology nonstop_tsc aperfmperf eagerfpu pni pclmulqdq dtes64 monitor ds_cpl vmx smx est tm2 ssse3 cx16 xtpr pdcm pcid sse4_1 sse4_2 x2apic popcnt tsc_deadline_timer aes xsave avx lahf_lm epb tpr_shadow vnmi flexpriority ept vpid xsaveopt dtherm ida arat pln pts
bugs		:
bogomips	: 5582.07
clflush size	: 64
cache_alignment	: 64
address sizes	: 36 bits physical, 48 bits virtual
power management:

processor	: 1
vendor_id	: GenuineIntel
cpu family	: 6
model		: 42
model name	: Intel(R) Core(TM) i7-2640M CPU @ 2.80GHz
stepping	: 7
microcode	: 0x29
cpu MHz		: 3260.359
cache size	: 4096 KB
physical id	: 0
siblings	: 4
core id		: 0
cpu cores	: 2
apicid		: 1
initial apicid	: 1
fpu		: yes
fpu_exception	: yes
cpuid level	: 13
wp		: yes
flags		: fpu vme de pse tsc msr pae mce cx8 apic sep mtrr pge mca cmov pat pse36 clflush dts acpi mmx fxsr sse sse2 ss ht tm pbe syscall nx rdtscp lm constant_tsc arch_perfmon pebs bts nopl xtopology nonstop_tsc aperfmperf eagerfpu pni pclmulqdq dtes64 monitor ds_cpl vmx smx est tm2 ssse3 cx16 xtpr pdcm pcid sse4_1 sse4_2 x2apic popcnt tsc_deadline_timer aes xsave avx lahf_lm epb tpr_shadow vnmi flexpriority ept vpid xsaveopt dtherm ida arat pln pts
bugs		:
bogomips	: 5582.07
clflush size	: 64
cache_alignment	: 64
address sizes	: 36 bits physical, 48 bits virtual
power management:

processor	: 2
vendor_id	: GenuineIntel
cpu family	: 6
model		: 42
model name	: Intel(R) Core(TM) i7-2640M CPU @ 2.80GHz
stepping	: 7
microcode	: 0x29
cpu MHz		: 3299.953
cache size	: 4096 KB
physical id	: 0
siblings	: 4
core id		: 1
cpu cores	: 2
apicid		: 2
initial apicid	: 2
fpu		: yes
fpu_exception	: yes
cpuid level	: 13
wp		: yes
flags		: fpu vme de pse tsc msr pae mce cx8 apic sep mtrr pge mca cmov pat pse36 clflush dts acpi mmx fxsr sse sse2 ss ht tm pbe syscall nx rdtscp lm constant_tsc arch_perfmon pebs bts nopl xtopology nonstop_tsc aperfmperf eagerfpu pni pclmulqdq dtes64 monitor ds_cpl vmx smx est tm2 ssse3 cx16 xtpr pdcm pcid sse4_1 sse4_2 x2apic popcnt tsc_deadline_timer aes xsave avx lahf_lm epb tpr_shadow vnmi flexpriority ept vpid xsaveopt dtherm ida arat pln pts
bugs		:
bogomips	: 5582.07
clflush size	: 64
cache_alignment	: 64
address sizes	: 36 bits physical, 48 bits virtual
power management:

processor	: 3
vendor_id	: GenuineIntel
cpu family	: 6
model		: 42
model name	: Intel(R) Core(TM) i7-2640M CPU @ 2.80GHz
stepping	: 7
microcode	: 0x29
cpu MHz		: 3295.796
cache size	: 4096 KB
physical id	: 0
siblings	: 4
core id		: 1
cpu cores	: 2
apicid		: 3
initial apicid	: 3
fpu		: yes
fpu_exception	: yes
cpuid level	: 13
wp		: yes
flags		: fpu vme de pse tsc msr pae mce cx8 apic sep mtrr pge mca cmov pat pse36 clflush dts acpi mmx fxsr sse sse2 ss ht tm pbe syscall nx rdtscp lm constant_tsc arch_perfmon pebs bts nopl xtopology nonstop_tsc aperfmperf eagerfpu pni pclmulqdq dtes64 monitor ds_cpl vmx smx est tm2 ssse3 cx16 xtpr pdcm pcid sse4_1 sse4_2 x2apic popcnt tsc_deadline_timer aes xsave avx lahf_lm epb tpr_shadow vnmi flexpriority ept vpid xsaveopt dtherm ida arat pln pts
bugs		:
bogomips	: 5582.07
clflush size	: 64
cache_alignment	: 64
address sizes	: 36 bits physical, 48 bits virtual
power management:



Memory: 4k page, physical 3926096k(113176k free), swap 4074492k(0k free)

vm_info: OpenJDK 64-Bit Server VM (25.152-b01) for linux-amd64 JRE (1.8.0_152-release-915-b01), built by "builder" with gcc 4.8.4

time: Sun Dec 31 20:32:21 2017
elapsed time: 3 seconds (0d 0h 0m 3s)

